{"/app/server/controleur/author_controller.ts": {"path":"/app/server/controleur/author_controller.ts","statementMap":{"0":{"start":{"line":8,"column":16},"end":{"line":26,"column":null}},"1":{"start":{"line":28,"column":20},"end":{"line":48,"column":null}},"2":{"start":{"line":9,"column":18},"end":{"line":9,"column":null}},"3":{"start":{"line":12,"column":2},"end":{"line":18,"column":null}},"4":{"start":{"line":13,"column":3},"end":{"line":16,"column":null}},"5":{"start":{"line":17,"column":3},"end":{"line":17,"column":null}},"6":{"start":{"line":21,"column":2},"end":{"line":25,"column":null}},"7":{"start":{"line":31,"column":18},"end":{"line":31,"column":null}},"8":{"start":{"line":34,"column":2},"end":{"line":40,"column":null}},"9":{"start":{"line":35,"column":3},"end":{"line":38,"column":null}},"10":{"start":{"line":39,"column":3},"end":{"line":39,"column":null}},"11":{"start":{"line":43,"column":2},"end":{"line":47,"column":null}}},"fnMap":{"0":{"name":"(anonymous_0)","decl":{"start":{"line":8,"column":16},"end":{"line":8,"column":23}},"loc":{"start":{"line":8,"column":55},"end":{"line":26,"column":null}},"line":8},"1":{"name":"(anonymous_1)","decl":{"start":{"line":28,"column":20},"end":{"line":28,"column":27}},"loc":{"start":{"line":28,"column":59},"end":{"line":48,"column":null}},"line":28}},"branchMap":{"0":{"loc":{"start":{"line":12,"column":2},"end":{"line":18,"column":null}},"type":"if","locations":[{"start":{"line":12,"column":2},"end":{"line":18,"column":null}},{"start":{},"end":{}}],"line":12},"1":{"loc":{"start":{"line":15,"column":13},"end":{"line":15,"column":null}},"type":"cond-expr","locations":[{"start":{"line":15,"column":49},"end":{"line":15,"column":59}},{"start":{"line":15,"column":59},"end":{"line":15,"column":null}}],"line":15},"2":{"loc":{"start":{"line":34,"column":2},"end":{"line":40,"column":null}},"type":"if","locations":[{"start":{"line":34,"column":2},"end":{"line":40,"column":null}},{"start":{},"end":{}}],"line":34},"3":{"loc":{"start":{"line":37,"column":13},"end":{"line":37,"column":null}},"type":"cond-expr","locations":[{"start":{"line":37,"column":49},"end":{"line":37,"column":59}},{"start":{"line":37,"column":59},"end":{"line":37,"column":null}}],"line":37}},"s":{"0":0,"1":0,"2":0,"3":0,"4":0,"5":0,"6":0,"7":0,"8":0,"9":0,"10":0,"11":0},"f":{"0":0,"1":0},"b":{"0":[0,0],"1":[0,0],"2":[0,0],"3":[0,0]},"meta":{"lastBranch":4,"lastFunction":2,"lastStatement":12,"seen":{"s:8:16:26:Infinity":0,"s:28:20:48:Infinity":1,"f:8:16:8:23":0,"s:9:18:9:Infinity":2,"b:12:2:18:Infinity:undefined:undefined:undefined:undefined":0,"s:12:2:18:Infinity":3,"s:13:3:16:Infinity":4,"b:15:49:15:59:15:59:15:Infinity":1,"s:17:3:17:Infinity":5,"s:21:2:25:Infinity":6,"f:28:20:28:27":1,"s:31:18:31:Infinity":7,"b:34:2:40:Infinity:undefined:undefined:undefined:undefined":2,"s:34:2:40:Infinity":8,"s:35:3:38:Infinity":9,"b:37:49:37:59:37:59:37:Infinity":3,"s:39:3:39:Infinity":10,"s:43:2:47:Infinity":11}}}
,"/app/server/controleur/book_controller.ts": {"path":"/app/server/controleur/book_controller.ts","statementMap":{"0":{"start":{"line":11,"column":16},"end":{"line":29,"column":null}},"1":{"start":{"line":31,"column":20},"end":{"line":51,"column":null}},"2":{"start":{"line":53,"column":17},"end":{"line":89,"column":null}},"3":{"start":{"line":91,"column":17},"end":{"line":138,"column":null}},"4":{"start":{"line":140,"column":17},"end":{"line":163,"column":null}},"5":{"start":{"line":12,"column":18},"end":{"line":12,"column":null}},"6":{"start":{"line":15,"column":2},"end":{"line":21,"column":null}},"7":{"start":{"line":16,"column":3},"end":{"line":19,"column":null}},"8":{"start":{"line":20,"column":3},"end":{"line":20,"column":null}},"9":{"start":{"line":24,"column":2},"end":{"line":28,"column":null}},"10":{"start":{"line":34,"column":18},"end":{"line":34,"column":null}},"11":{"start":{"line":37,"column":2},"end":{"line":43,"column":null}},"12":{"start":{"line":38,"column":3},"end":{"line":41,"column":null}},"13":{"start":{"line":42,"column":3},"end":{"line":42,"column":null}},"14":{"start":{"line":46,"column":2},"end":{"line":50,"column":null}},"15":{"start":{"line":58,"column":3},"end":{"line":59,"column":null}},"16":{"start":{"line":61,"column":23},"end":{"line":61,"column":null}},"17":{"start":{"line":63,"column":19},"end":{"line":63,"column":null}},"18":{"start":{"line":67,"column":18},"end":{"line":70,"column":null}},"19":{"start":{"line":72,"column":2},"end":{"line":79,"column":null}},"20":{"start":{"line":73,"column":3},"end":{"line":77,"column":null}},"21":{"start":{"line":78,"column":3},"end":{"line":78,"column":null}},"22":{"start":{"line":84,"column":2},"end":{"line":88,"column":null}},"23":{"start":{"line":97,"column":3},"end":{"line":98,"column":null}},"24":{"start":{"line":101,"column":22},"end":{"line":101,"column":null}},"25":{"start":{"line":105,"column":2},"end":{"line":111,"column":null}},"26":{"start":{"line":107,"column":3},"end":{"line":107,"column":null}},"27":{"start":{"line":109,"column":3},"end":{"line":110,"column":null}},"28":{"start":{"line":117,"column":18},"end":{"line":120,"column":null}},"29":{"start":{"line":123,"column":2},"end":{"line":129,"column":null}},"30":{"start":{"line":124,"column":3},"end":{"line":127,"column":null}},"31":{"start":{"line":128,"column":3},"end":{"line":128,"column":null}},"32":{"start":{"line":133,"column":2},"end":{"line":137,"column":null}},"33":{"start":{"line":145,"column":18},"end":{"line":145,"column":null}},"34":{"start":{"line":148,"column":2},"end":{"line":154,"column":null}},"35":{"start":{"line":149,"column":3},"end":{"line":152,"column":null}},"36":{"start":{"line":153,"column":3},"end":{"line":153,"column":null}},"37":{"start":{"line":158,"column":2},"end":{"line":162,"column":null}}},"fnMap":{"0":{"name":"(anonymous_0)","decl":{"start":{"line":11,"column":16},"end":{"line":11,"column":23}},"loc":{"start":{"line":11,"column":55},"end":{"line":29,"column":null}},"line":11},"1":{"name":"(anonymous_1)","decl":{"start":{"line":31,"column":20},"end":{"line":31,"column":27}},"loc":{"start":{"line":31,"column":59},"end":{"line":51,"column":null}},"line":31},"2":{"name":"(anonymous_2)","decl":{"start":{"line":53,"column":17},"end":{"line":53,"column":24}},"loc":{"start":{"line":53,"column":56},"end":{"line":89,"column":null}},"line":53},"3":{"name":"(anonymous_3)","decl":{"start":{"line":91,"column":17},"end":{"line":91,"column":24}},"loc":{"start":{"line":91,"column":56},"end":{"line":138,"column":null}},"line":91},"4":{"name":"(anonymous_4)","decl":{"start":{"line":140,"column":17},"end":{"line":140,"column":24}},"loc":{"start":{"line":140,"column":56},"end":{"line":163,"column":null}},"line":140}},"branchMap":{"0":{"loc":{"start":{"line":15,"column":2},"end":{"line":21,"column":null}},"type":"if","locations":[{"start":{"line":15,"column":2},"end":{"line":21,"column":null}},{"start":{},"end":{}}],"line":15},"1":{"loc":{"start":{"line":18,"column":13},"end":{"line":18,"column":null}},"type":"cond-expr","locations":[{"start":{"line":18,"column":49},"end":{"line":18,"column":59}},{"start":{"line":18,"column":59},"end":{"line":18,"column":null}}],"line":18},"2":{"loc":{"start":{"line":37,"column":2},"end":{"line":43,"column":null}},"type":"if","locations":[{"start":{"line":37,"column":2},"end":{"line":43,"column":null}},{"start":{},"end":{}}],"line":37},"3":{"loc":{"start":{"line":40,"column":13},"end":{"line":40,"column":null}},"type":"cond-expr","locations":[{"start":{"line":40,"column":49},"end":{"line":40,"column":59}},{"start":{"line":40,"column":59},"end":{"line":40,"column":null}}],"line":40},"4":{"loc":{"start":{"line":72,"column":2},"end":{"line":79,"column":null}},"type":"if","locations":[{"start":{"line":72,"column":2},"end":{"line":79,"column":null}},{"start":{},"end":{}}],"line":72},"5":{"loc":{"start":{"line":76,"column":5},"end":{"line":76,"column":null}},"type":"cond-expr","locations":[{"start":{"line":76,"column":45},"end":{"line":76,"column":55}},{"start":{"line":76,"column":55},"end":{"line":76,"column":null}}],"line":76},"6":{"loc":{"start":{"line":105,"column":2},"end":{"line":111,"column":null}},"type":"if","locations":[{"start":{"line":105,"column":2},"end":{"line":111,"column":null}},{"start":{"line":108,"column":9},"end":{"line":111,"column":null}}],"line":105},"7":{"loc":{"start":{"line":123,"column":2},"end":{"line":129,"column":null}},"type":"if","locations":[{"start":{"line":123,"column":2},"end":{"line":129,"column":null}},{"start":{},"end":{}}],"line":123},"8":{"loc":{"start":{"line":126,"column":13},"end":{"line":126,"column":null}},"type":"cond-expr","locations":[{"start":{"line":126,"column":49},"end":{"line":126,"column":59}},{"start":{"line":126,"column":59},"end":{"line":126,"column":null}}],"line":126},"9":{"loc":{"start":{"line":148,"column":2},"end":{"line":154,"column":null}},"type":"if","locations":[{"start":{"line":148,"column":2},"end":{"line":154,"column":null}},{"start":{},"end":{}}],"line":148},"10":{"loc":{"start":{"line":151,"column":13},"end":{"line":151,"column":null}},"type":"cond-expr","locations":[{"start":{"line":151,"column":49},"end":{"line":151,"column":59}},{"start":{"line":151,"column":59},"end":{"line":151,"column":null}}],"line":151}},"s":{"0":0,"1":0,"2":1,"3":0,"4":0,"5":0,"6":0,"7":0,"8":0,"9":0,"10":0,"11":0,"12":0,"13":0,"14":0,"15":1,"16":1,"17":1,"18":1,"19":1,"20":0,"21":0,"22":1,"23":0,"24":0,"25":0,"26":0,"27":0,"28":0,"29":0,"30":0,"31":0,"32":0,"33":0,"34":0,"35":0,"36":0,"37":0},"f":{"0":0,"1":0,"2":1,"3":0,"4":0},"b":{"0":[0,0],"1":[0,0],"2":[0,0],"3":[0,0],"4":[0,1],"5":[0,0],"6":[0,0],"7":[0,0],"8":[0,0],"9":[0,0],"10":[0,0]},"meta":{"lastBranch":11,"lastFunction":5,"lastStatement":38,"seen":{"s:11:16:29:Infinity":0,"s:31:20:51:Infinity":1,"s:53:17:89:Infinity":2,"s:91:17:138:Infinity":3,"s:140:17:163:Infinity":4,"f:11:16:11:23":0,"s:12:18:12:Infinity":5,"b:15:2:21:Infinity:undefined:undefined:undefined:undefined":0,"s:15:2:21:Infinity":6,"s:16:3:19:Infinity":7,"b:18:49:18:59:18:59:18:Infinity":1,"s:20:3:20:Infinity":8,"s:24:2:28:Infinity":9,"f:31:20:31:27":1,"s:34:18:34:Infinity":10,"b:37:2:43:Infinity:undefined:undefined:undefined:undefined":2,"s:37:2:43:Infinity":11,"s:38:3:41:Infinity":12,"b:40:49:40:59:40:59:40:Infinity":3,"s:42:3:42:Infinity":13,"s:46:2:50:Infinity":14,"f:53:17:53:24":2,"s:58:3:59:Infinity":15,"s:61:23:61:Infinity":16,"s:63:19:63:Infinity":17,"s:67:18:70:Infinity":18,"b:72:2:79:Infinity:undefined:undefined:undefined:undefined":4,"s:72:2:79:Infinity":19,"s:73:3:77:Infinity":20,"b:76:45:76:55:76:55:76:Infinity":5,"s:78:3:78:Infinity":21,"s:84:2:88:Infinity":22,"f:91:17:91:24":3,"s:97:3:98:Infinity":23,"s:101:22:101:Infinity":24,"b:105:2:111:Infinity:108:9:111:Infinity":6,"s:105:2:111:Infinity":25,"s:107:3:107:Infinity":26,"s:109:3:110:Infinity":27,"s:117:18:120:Infinity":28,"b:123:2:129:Infinity:undefined:undefined:undefined:undefined":7,"s:123:2:129:Infinity":29,"s:124:3:127:Infinity":30,"b:126:49:126:59:126:59:126:Infinity":8,"s:128:3:128:Infinity":31,"s:133:2:137:Infinity":32,"f:140:17:140:24":4,"s:145:18:145:Infinity":33,"b:148:2:154:Infinity:undefined:undefined:undefined:undefined":9,"s:148:2:154:Infinity":34,"s:149:3:152:Infinity":35,"b:151:49:151:59:151:59:151:Infinity":10,"s:153:3:153:Infinity":36,"s:158:2:162:Infinity":37}}}
,"/app/server/controleur/category_controller.ts": {"path":"/app/server/controleur/category_controller.ts","statementMap":{"0":{"start":{"line":8,"column":16},"end":{"line":26,"column":null}},"1":{"start":{"line":28,"column":20},"end":{"line":48,"column":null}},"2":{"start":{"line":50,"column":17},"end":{"line":78,"column":null}},"3":{"start":{"line":9,"column":18},"end":{"line":9,"column":null}},"4":{"start":{"line":12,"column":2},"end":{"line":18,"column":null}},"5":{"start":{"line":13,"column":3},"end":{"line":16,"column":null}},"6":{"start":{"line":17,"column":3},"end":{"line":17,"column":null}},"7":{"start":{"line":21,"column":2},"end":{"line":25,"column":null}},"8":{"start":{"line":31,"column":18},"end":{"line":31,"column":null}},"9":{"start":{"line":34,"column":2},"end":{"line":40,"column":null}},"10":{"start":{"line":35,"column":3},"end":{"line":38,"column":null}},"11":{"start":{"line":39,"column":3},"end":{"line":39,"column":null}},"12":{"start":{"line":43,"column":2},"end":{"line":47,"column":null}},"13":{"start":{"line":51,"column":2},"end":{"line":51,"column":null}},"14":{"start":{"line":55,"column":18},"end":{"line":57,"column":null}},"15":{"start":{"line":58,"column":2},"end":{"line":58,"column":null}},"16":{"start":{"line":61,"column":2},"end":{"line":68,"column":null}},"17":{"start":{"line":62,"column":3},"end":{"line":66,"column":null}},"18":{"start":{"line":67,"column":3},"end":{"line":67,"column":null}},"19":{"start":{"line":73,"column":2},"end":{"line":77,"column":null}}},"fnMap":{"0":{"name":"(anonymous_0)","decl":{"start":{"line":8,"column":16},"end":{"line":8,"column":23}},"loc":{"start":{"line":8,"column":55},"end":{"line":26,"column":null}},"line":8},"1":{"name":"(anonymous_1)","decl":{"start":{"line":28,"column":20},"end":{"line":28,"column":27}},"loc":{"start":{"line":28,"column":59},"end":{"line":48,"column":null}},"line":28},"2":{"name":"(anonymous_2)","decl":{"start":{"line":50,"column":17},"end":{"line":50,"column":24}},"loc":{"start":{"line":50,"column":56},"end":{"line":78,"column":null}},"line":50}},"branchMap":{"0":{"loc":{"start":{"line":12,"column":2},"end":{"line":18,"column":null}},"type":"if","locations":[{"start":{"line":12,"column":2},"end":{"line":18,"column":null}},{"start":{},"end":{}}],"line":12},"1":{"loc":{"start":{"line":15,"column":13},"end":{"line":15,"column":null}},"type":"cond-expr","locations":[{"start":{"line":15,"column":49},"end":{"line":15,"column":59}},{"start":{"line":15,"column":59},"end":{"line":15,"column":null}}],"line":15},"2":{"loc":{"start":{"line":34,"column":2},"end":{"line":40,"column":null}},"type":"if","locations":[{"start":{"line":34,"column":2},"end":{"line":40,"column":null}},{"start":{},"end":{}}],"line":34},"3":{"loc":{"start":{"line":37,"column":13},"end":{"line":37,"column":null}},"type":"cond-expr","locations":[{"start":{"line":37,"column":49},"end":{"line":37,"column":59}},{"start":{"line":37,"column":59},"end":{"line":37,"column":null}}],"line":37},"4":{"loc":{"start":{"line":61,"column":2},"end":{"line":68,"column":null}},"type":"if","locations":[{"start":{"line":61,"column":2},"end":{"line":68,"column":null}},{"start":{},"end":{}}],"line":61},"5":{"loc":{"start":{"line":65,"column":5},"end":{"line":65,"column":null}},"type":"cond-expr","locations":[{"start":{"line":65,"column":45},"end":{"line":65,"column":55}},{"start":{"line":65,"column":55},"end":{"line":65,"column":null}}],"line":65}},"s":{"0":0,"1":0,"2":0,"3":0,"4":0,"5":0,"6":0,"7":0,"8":0,"9":0,"10":0,"11":0,"12":0,"13":0,"14":0,"15":0,"16":0,"17":0,"18":0,"19":0},"f":{"0":0,"1":0,"2":0},"b":{"0":[0,0],"1":[0,0],"2":[0,0],"3":[0,0],"4":[0,0],"5":[0,0]},"meta":{"lastBranch":6,"lastFunction":3,"lastStatement":20,"seen":{"s:8:16:26:Infinity":0,"s:28:20:48:Infinity":1,"s:50:17:78:Infinity":2,"f:8:16:8:23":0,"s:9:18:9:Infinity":3,"b:12:2:18:Infinity:undefined:undefined:undefined:undefined":0,"s:12:2:18:Infinity":4,"s:13:3:16:Infinity":5,"b:15:49:15:59:15:59:15:Infinity":1,"s:17:3:17:Infinity":6,"s:21:2:25:Infinity":7,"f:28:20:28:27":1,"s:31:18:31:Infinity":8,"b:34:2:40:Infinity:undefined:undefined:undefined:undefined":2,"s:34:2:40:Infinity":9,"s:35:3:38:Infinity":10,"b:37:49:37:59:37:59:37:Infinity":3,"s:39:3:39:Infinity":11,"s:43:2:47:Infinity":12,"f:50:17:50:24":2,"s:51:2:51:Infinity":13,"s:55:18:57:Infinity":14,"s:58:2:58:Infinity":15,"b:61:2:68:Infinity:undefined:undefined:undefined:undefined":4,"s:61:2:68:Infinity":16,"s:62:3:66:Infinity":17,"b:65:45:65:55:65:55:65:Infinity":5,"s:67:3:67:Infinity":18,"s:73:2:77:Infinity":19}}}
,"/app/server/controleur/currentstate_controller.ts": {"path":"/app/server/controleur/currentstate_controller.ts","statementMap":{"0":{"start":{"line":8,"column":16},"end":{"line":26,"column":null}},"1":{"start":{"line":28,"column":20},"end":{"line":48,"column":null}},"2":{"start":{"line":9,"column":18},"end":{"line":9,"column":null}},"3":{"start":{"line":12,"column":2},"end":{"line":18,"column":null}},"4":{"start":{"line":13,"column":3},"end":{"line":16,"column":null}},"5":{"start":{"line":17,"column":3},"end":{"line":17,"column":null}},"6":{"start":{"line":21,"column":2},"end":{"line":25,"column":null}},"7":{"start":{"line":31,"column":18},"end":{"line":31,"column":null}},"8":{"start":{"line":34,"column":2},"end":{"line":40,"column":null}},"9":{"start":{"line":35,"column":3},"end":{"line":38,"column":null}},"10":{"start":{"line":39,"column":3},"end":{"line":39,"column":null}},"11":{"start":{"line":43,"column":2},"end":{"line":47,"column":null}}},"fnMap":{"0":{"name":"(anonymous_0)","decl":{"start":{"line":8,"column":16},"end":{"line":8,"column":23}},"loc":{"start":{"line":8,"column":55},"end":{"line":26,"column":null}},"line":8},"1":{"name":"(anonymous_1)","decl":{"start":{"line":28,"column":20},"end":{"line":28,"column":27}},"loc":{"start":{"line":28,"column":59},"end":{"line":48,"column":null}},"line":28}},"branchMap":{"0":{"loc":{"start":{"line":12,"column":2},"end":{"line":18,"column":null}},"type":"if","locations":[{"start":{"line":12,"column":2},"end":{"line":18,"column":null}},{"start":{},"end":{}}],"line":12},"1":{"loc":{"start":{"line":15,"column":13},"end":{"line":15,"column":null}},"type":"cond-expr","locations":[{"start":{"line":15,"column":49},"end":{"line":15,"column":59}},{"start":{"line":15,"column":59},"end":{"line":15,"column":null}}],"line":15},"2":{"loc":{"start":{"line":34,"column":2},"end":{"line":40,"column":null}},"type":"if","locations":[{"start":{"line":34,"column":2},"end":{"line":40,"column":null}},{"start":{},"end":{}}],"line":34},"3":{"loc":{"start":{"line":37,"column":13},"end":{"line":37,"column":null}},"type":"cond-expr","locations":[{"start":{"line":37,"column":49},"end":{"line":37,"column":59}},{"start":{"line":37,"column":59},"end":{"line":37,"column":null}}],"line":37}},"s":{"0":0,"1":0,"2":0,"3":0,"4":0,"5":0,"6":0,"7":0,"8":0,"9":0,"10":0,"11":0},"f":{"0":0,"1":0},"b":{"0":[0,0],"1":[0,0],"2":[0,0],"3":[0,0]},"meta":{"lastBranch":4,"lastFunction":2,"lastStatement":12,"seen":{"s:8:16:26:Infinity":0,"s:28:20:48:Infinity":1,"f:8:16:8:23":0,"s:9:18:9:Infinity":2,"b:12:2:18:Infinity:undefined:undefined:undefined:undefined":0,"s:12:2:18:Infinity":3,"s:13:3:16:Infinity":4,"b:15:49:15:59:15:59:15:Infinity":1,"s:17:3:17:Infinity":5,"s:21:2:25:Infinity":6,"f:28:20:28:27":1,"s:31:18:31:Infinity":7,"b:34:2:40:Infinity:undefined:undefined:undefined:undefined":2,"s:34:2:40:Infinity":8,"s:35:3:38:Infinity":9,"b:37:49:37:59:37:59:37:Infinity":3,"s:39:3:39:Infinity":10,"s:43:2:47:Infinity":11}}}
,"/app/server/controleur/events_controller.ts": {"path":"/app/server/controleur/events_controller.ts","statementMap":{"0":{"start":{"line":8,"column":16},"end":{"line":26,"column":null}},"1":{"start":{"line":28,"column":20},"end":{"line":48,"column":null}},"2":{"start":{"line":9,"column":18},"end":{"line":9,"column":null}},"3":{"start":{"line":12,"column":2},"end":{"line":18,"column":null}},"4":{"start":{"line":13,"column":3},"end":{"line":16,"column":null}},"5":{"start":{"line":17,"column":3},"end":{"line":17,"column":null}},"6":{"start":{"line":21,"column":2},"end":{"line":25,"column":null}},"7":{"start":{"line":31,"column":18},"end":{"line":31,"column":null}},"8":{"start":{"line":34,"column":2},"end":{"line":40,"column":null}},"9":{"start":{"line":35,"column":3},"end":{"line":38,"column":null}},"10":{"start":{"line":39,"column":3},"end":{"line":39,"column":null}},"11":{"start":{"line":43,"column":2},"end":{"line":47,"column":null}}},"fnMap":{"0":{"name":"(anonymous_0)","decl":{"start":{"line":8,"column":16},"end":{"line":8,"column":23}},"loc":{"start":{"line":8,"column":55},"end":{"line":26,"column":null}},"line":8},"1":{"name":"(anonymous_1)","decl":{"start":{"line":28,"column":20},"end":{"line":28,"column":27}},"loc":{"start":{"line":28,"column":59},"end":{"line":48,"column":null}},"line":28}},"branchMap":{"0":{"loc":{"start":{"line":12,"column":2},"end":{"line":18,"column":null}},"type":"if","locations":[{"start":{"line":12,"column":2},"end":{"line":18,"column":null}},{"start":{},"end":{}}],"line":12},"1":{"loc":{"start":{"line":15,"column":13},"end":{"line":15,"column":null}},"type":"cond-expr","locations":[{"start":{"line":15,"column":49},"end":{"line":15,"column":59}},{"start":{"line":15,"column":59},"end":{"line":15,"column":null}}],"line":15},"2":{"loc":{"start":{"line":34,"column":2},"end":{"line":40,"column":null}},"type":"if","locations":[{"start":{"line":34,"column":2},"end":{"line":40,"column":null}},{"start":{},"end":{}}],"line":34},"3":{"loc":{"start":{"line":37,"column":13},"end":{"line":37,"column":null}},"type":"cond-expr","locations":[{"start":{"line":37,"column":49},"end":{"line":37,"column":59}},{"start":{"line":37,"column":59},"end":{"line":37,"column":null}}],"line":37}},"s":{"0":0,"1":0,"2":0,"3":0,"4":0,"5":0,"6":0,"7":0,"8":0,"9":0,"10":0,"11":0},"f":{"0":0,"1":0},"b":{"0":[0,0],"1":[0,0],"2":[0,0],"3":[0,0]},"meta":{"lastBranch":4,"lastFunction":2,"lastStatement":12,"seen":{"s:8:16:26:Infinity":0,"s:28:20:48:Infinity":1,"f:8:16:8:23":0,"s:9:18:9:Infinity":2,"b:12:2:18:Infinity:undefined:undefined:undefined:undefined":0,"s:12:2:18:Infinity":3,"s:13:3:16:Infinity":4,"b:15:49:15:59:15:59:15:Infinity":1,"s:17:3:17:Infinity":5,"s:21:2:25:Infinity":6,"f:28:20:28:27":1,"s:31:18:31:Infinity":7,"b:34:2:40:Infinity:undefined:undefined:undefined:undefined":2,"s:34:2:40:Infinity":8,"s:35:3:38:Infinity":9,"b:37:49:37:59:37:59:37:Infinity":3,"s:39:3:39:Infinity":10,"s:43:2:47:Infinity":11}}}
,"/app/server/controleur/homepage_controller.ts": {"path":"/app/server/controleur/homepage_controller.ts","statementMap":{"0":{"start":{"line":7,"column":16},"end":{"line":14,"column":null}},"1":{"start":{"line":10,"column":2},"end":{"line":13,"column":null}}},"fnMap":{"0":{"name":"(anonymous_0)","decl":{"start":{"line":7,"column":16},"end":{"line":7,"column":17}},"loc":{"start":{"line":7,"column":49},"end":{"line":14,"column":null}},"line":7}},"branchMap":{},"s":{"0":1,"1":1},"f":{"0":1},"b":{},"meta":{"lastBranch":0,"lastFunction":1,"lastStatement":2,"seen":{"s:7:16:14:Infinity":0,"f:7:16:7:17":0,"s:10:2:13:Infinity":1}}}
,"/app/server/controleur/role_controller.ts": {"path":"/app/server/controleur/role_controller.ts","statementMap":{"0":{"start":{"line":8,"column":16},"end":{"line":26,"column":null}},"1":{"start":{"line":28,"column":20},"end":{"line":48,"column":null}},"2":{"start":{"line":9,"column":18},"end":{"line":9,"column":null}},"3":{"start":{"line":12,"column":2},"end":{"line":18,"column":null}},"4":{"start":{"line":13,"column":3},"end":{"line":16,"column":null}},"5":{"start":{"line":17,"column":3},"end":{"line":17,"column":null}},"6":{"start":{"line":21,"column":2},"end":{"line":25,"column":null}},"7":{"start":{"line":31,"column":18},"end":{"line":31,"column":null}},"8":{"start":{"line":34,"column":2},"end":{"line":40,"column":null}},"9":{"start":{"line":35,"column":3},"end":{"line":38,"column":null}},"10":{"start":{"line":39,"column":3},"end":{"line":39,"column":null}},"11":{"start":{"line":43,"column":2},"end":{"line":47,"column":null}}},"fnMap":{"0":{"name":"(anonymous_0)","decl":{"start":{"line":8,"column":16},"end":{"line":8,"column":23}},"loc":{"start":{"line":8,"column":55},"end":{"line":26,"column":null}},"line":8},"1":{"name":"(anonymous_1)","decl":{"start":{"line":28,"column":20},"end":{"line":28,"column":27}},"loc":{"start":{"line":28,"column":59},"end":{"line":48,"column":null}},"line":28}},"branchMap":{"0":{"loc":{"start":{"line":12,"column":2},"end":{"line":18,"column":null}},"type":"if","locations":[{"start":{"line":12,"column":2},"end":{"line":18,"column":null}},{"start":{},"end":{}}],"line":12},"1":{"loc":{"start":{"line":15,"column":13},"end":{"line":15,"column":null}},"type":"cond-expr","locations":[{"start":{"line":15,"column":49},"end":{"line":15,"column":59}},{"start":{"line":15,"column":59},"end":{"line":15,"column":null}}],"line":15},"2":{"loc":{"start":{"line":34,"column":2},"end":{"line":40,"column":null}},"type":"if","locations":[{"start":{"line":34,"column":2},"end":{"line":40,"column":null}},{"start":{},"end":{}}],"line":34},"3":{"loc":{"start":{"line":37,"column":13},"end":{"line":37,"column":null}},"type":"cond-expr","locations":[{"start":{"line":37,"column":49},"end":{"line":37,"column":59}},{"start":{"line":37,"column":59},"end":{"line":37,"column":null}}],"line":37}},"s":{"0":0,"1":0,"2":0,"3":0,"4":0,"5":0,"6":0,"7":0,"8":0,"9":0,"10":0,"11":0},"f":{"0":0,"1":0},"b":{"0":[0,0],"1":[0,0],"2":[0,0],"3":[0,0]},"meta":{"lastBranch":4,"lastFunction":2,"lastStatement":12,"seen":{"s:8:16:26:Infinity":0,"s:28:20:48:Infinity":1,"f:8:16:8:23":0,"s:9:18:9:Infinity":2,"b:12:2:18:Infinity:undefined:undefined:undefined:undefined":0,"s:12:2:18:Infinity":3,"s:13:3:16:Infinity":4,"b:15:49:15:59:15:59:15:Infinity":1,"s:17:3:17:Infinity":5,"s:21:2:25:Infinity":6,"f:28:20:28:27":1,"s:31:18:31:Infinity":7,"b:34:2:40:Infinity:undefined:undefined:undefined:undefined":2,"s:34:2:40:Infinity":8,"s:35:3:38:Infinity":9,"b:37:49:37:59:37:59:37:Infinity":3,"s:39:3:39:Infinity":10,"s:43:2:47:Infinity":11}}}
,"/app/server/controleur/security_controller.ts": {"path":"/app/server/controleur/security_controller.ts","statementMap":{"0":{"start":{"line":9,"column":19},"end":{"line":32,"column":null}},"1":{"start":{"line":34,"column":16},"end":{"line":93,"column":null}},"2":{"start":{"line":12,"column":18},"end":{"line":15,"column":null}},"3":{"start":{"line":18,"column":2},"end":{"line":24,"column":null}},"4":{"start":{"line":19,"column":3},"end":{"line":22,"column":null}},"5":{"start":{"line":23,"column":3},"end":{"line":23,"column":null}},"6":{"start":{"line":27,"column":2},"end":{"line":31,"column":null}},"7":{"start":{"line":37,"column":16},"end":{"line":37,"column":null}},"8":{"start":{"line":40,"column":2},"end":{"line":46,"column":null}},"9":{"start":{"line":41,"column":3},"end":{"line":44,"column":null}},"10":{"start":{"line":45,"column":3},"end":{"line":45,"column":null}},"11":{"start":{"line":50,"column":2},"end":{"line":59,"column":null}},"12":{"start":{"line":51,"column":3},"end":{"line":57,"column":null}},"13":{"start":{"line":58,"column":3},"end":{"line":58,"column":null}},"14":{"start":{"line":62,"column":2},"end":{"line":62,"column":null}},"15":{"start":{"line":69,"column":27},"end":{"line":72,"column":null}},"16":{"start":{"line":75,"column":2},"end":{"line":84,"column":null}},"17":{"start":{"line":76,"column":3},"end":{"line":82,"column":null}},"18":{"start":{"line":83,"column":3},"end":{"line":83,"column":null}},"19":{"start":{"line":88,"column":2},"end":{"line":92,"column":null}}},"fnMap":{"0":{"name":"(anonymous_0)","decl":{"start":{"line":9,"column":19},"end":{"line":9,"column":26}},"loc":{"start":{"line":9,"column":58},"end":{"line":32,"column":null}},"line":9},"1":{"name":"(anonymous_1)","decl":{"start":{"line":34,"column":16},"end":{"line":34,"column":23}},"loc":{"start":{"line":34,"column":55},"end":{"line":93,"column":null}},"line":34}},"branchMap":{"0":{"loc":{"start":{"line":18,"column":2},"end":{"line":24,"column":null}},"type":"if","locations":[{"start":{"line":18,"column":2},"end":{"line":24,"column":null}},{"start":{},"end":{}}],"line":18},"1":{"loc":{"start":{"line":21,"column":13},"end":{"line":21,"column":null}},"type":"cond-expr","locations":[{"start":{"line":21,"column":49},"end":{"line":21,"column":59}},{"start":{"line":21,"column":59},"end":{"line":21,"column":null}}],"line":21},"2":{"loc":{"start":{"line":40,"column":2},"end":{"line":46,"column":null}},"type":"if","locations":[{"start":{"line":40,"column":2},"end":{"line":46,"column":null}},{"start":{},"end":{}}],"line":40},"3":{"loc":{"start":{"line":43,"column":13},"end":{"line":43,"column":null}},"type":"cond-expr","locations":[{"start":{"line":43,"column":49},"end":{"line":43,"column":59}},{"start":{"line":43,"column":59},"end":{"line":43,"column":null}}],"line":43},"4":{"loc":{"start":{"line":50,"column":2},"end":{"line":59,"column":null}},"type":"if","locations":[{"start":{"line":50,"column":2},"end":{"line":59,"column":null}},{"start":{},"end":{}}],"line":50},"5":{"loc":{"start":{"line":54,"column":5},"end":{"line":56,"column":null}},"type":"cond-expr","locations":[{"start":{"line":55,"column":8},"end":{"line":55,"column":null}},{"start":{"line":56,"column":8},"end":{"line":56,"column":null}}],"line":54},"6":{"loc":{"start":{"line":75,"column":2},"end":{"line":84,"column":null}},"type":"if","locations":[{"start":{"line":75,"column":2},"end":{"line":84,"column":null}},{"start":{},"end":{}}],"line":75},"7":{"loc":{"start":{"line":79,"column":5},"end":{"line":81,"column":null}},"type":"cond-expr","locations":[{"start":{"line":80,"column":8},"end":{"line":80,"column":null}},{"start":{"line":81,"column":8},"end":{"line":81,"column":null}}],"line":79}},"s":{"0":0,"1":0,"2":0,"3":0,"4":0,"5":0,"6":0,"7":0,"8":0,"9":0,"10":0,"11":0,"12":0,"13":0,"14":0,"15":0,"16":0,"17":0,"18":0,"19":0},"f":{"0":0,"1":0},"b":{"0":[0,0],"1":[0,0],"2":[0,0],"3":[0,0],"4":[0,0],"5":[0,0],"6":[0,0],"7":[0,0]},"meta":{"lastBranch":8,"lastFunction":2,"lastStatement":20,"seen":{"s:9:19:32:Infinity":0,"s:34:16:93:Infinity":1,"f:9:19:9:26":0,"s:12:18:15:Infinity":2,"b:18:2:24:Infinity:undefined:undefined:undefined:undefined":0,"s:18:2:24:Infinity":3,"s:19:3:22:Infinity":4,"b:21:49:21:59:21:59:21:Infinity":1,"s:23:3:23:Infinity":5,"s:27:2:31:Infinity":6,"f:34:16:34:23":1,"s:37:16:37:Infinity":7,"b:40:2:46:Infinity:undefined:undefined:undefined:undefined":2,"s:40:2:46:Infinity":8,"s:41:3:44:Infinity":9,"b:43:49:43:59:43:59:43:Infinity":3,"s:45:3:45:Infinity":10,"b:50:2:59:Infinity:undefined:undefined:undefined:undefined":4,"s:50:2:59:Infinity":11,"s:51:3:57:Infinity":12,"b:55:8:55:Infinity:56:8:56:Infinity":5,"s:58:3:58:Infinity":13,"s:62:2:62:Infinity":14,"s:69:27:72:Infinity":15,"b:75:2:84:Infinity:undefined:undefined:undefined:undefined":6,"s:75:2:84:Infinity":16,"s:76:3:82:Infinity":17,"b:80:8:80:Infinity:81:8:81:Infinity":7,"s:83:3:83:Infinity":18,"s:88:2:92:Infinity":19}}}
,"/app/server/controleur/user_controller.ts": {"path":"/app/server/controleur/user_controller.ts","statementMap":{"0":{"start":{"line":8,"column":16},"end":{"line":26,"column":null}},"1":{"start":{"line":28,"column":20},"end":{"line":48,"column":null}},"2":{"start":{"line":9,"column":18},"end":{"line":9,"column":null}},"3":{"start":{"line":12,"column":2},"end":{"line":18,"column":null}},"4":{"start":{"line":13,"column":3},"end":{"line":16,"column":null}},"5":{"start":{"line":17,"column":3},"end":{"line":17,"column":null}},"6":{"start":{"line":21,"column":2},"end":{"line":25,"column":null}},"7":{"start":{"line":31,"column":18},"end":{"line":31,"column":null}},"8":{"start":{"line":34,"column":2},"end":{"line":40,"column":null}},"9":{"start":{"line":35,"column":3},"end":{"line":38,"column":null}},"10":{"start":{"line":39,"column":3},"end":{"line":39,"column":null}},"11":{"start":{"line":43,"column":2},"end":{"line":47,"column":null}}},"fnMap":{"0":{"name":"(anonymous_0)","decl":{"start":{"line":8,"column":16},"end":{"line":8,"column":23}},"loc":{"start":{"line":8,"column":55},"end":{"line":26,"column":null}},"line":8},"1":{"name":"(anonymous_1)","decl":{"start":{"line":28,"column":20},"end":{"line":28,"column":27}},"loc":{"start":{"line":28,"column":59},"end":{"line":48,"column":null}},"line":28}},"branchMap":{"0":{"loc":{"start":{"line":12,"column":2},"end":{"line":18,"column":null}},"type":"if","locations":[{"start":{"line":12,"column":2},"end":{"line":18,"column":null}},{"start":{},"end":{}}],"line":12},"1":{"loc":{"start":{"line":15,"column":13},"end":{"line":15,"column":null}},"type":"cond-expr","locations":[{"start":{"line":15,"column":49},"end":{"line":15,"column":59}},{"start":{"line":15,"column":59},"end":{"line":15,"column":null}}],"line":15},"2":{"loc":{"start":{"line":34,"column":2},"end":{"line":40,"column":null}},"type":"if","locations":[{"start":{"line":34,"column":2},"end":{"line":40,"column":null}},{"start":{},"end":{}}],"line":34},"3":{"loc":{"start":{"line":37,"column":13},"end":{"line":37,"column":null}},"type":"cond-expr","locations":[{"start":{"line":37,"column":49},"end":{"line":37,"column":59}},{"start":{"line":37,"column":59},"end":{"line":37,"column":null}}],"line":37}},"s":{"0":0,"1":0,"2":0,"3":0,"4":0,"5":0,"6":0,"7":0,"8":0,"9":0,"10":0,"11":0},"f":{"0":0,"1":0},"b":{"0":[0,0],"1":[0,0],"2":[0,0],"3":[0,0]},"meta":{"lastBranch":4,"lastFunction":2,"lastStatement":12,"seen":{"s:8:16:26:Infinity":0,"s:28:20:48:Infinity":1,"f:8:16:8:23":0,"s:9:18:9:Infinity":2,"b:12:2:18:Infinity:undefined:undefined:undefined:undefined":0,"s:12:2:18:Infinity":3,"s:13:3:16:Infinity":4,"b:15:49:15:59:15:59:15:Infinity":1,"s:17:3:17:Infinity":5,"s:21:2:25:Infinity":6,"f:28:20:28:27":1,"s:31:18:31:Infinity":7,"b:34:2:40:Infinity:undefined:undefined:undefined:undefined":2,"s:34:2:40:Infinity":8,"s:35:3:38:Infinity":9,"b:37:49:37:59:37:59:37:Infinity":3,"s:39:3:39:Infinity":10,"s:43:2:47:Infinity":11}}}
,"/app/server/controleur/visitor_controller.ts": {"path":"/app/server/controleur/visitor_controller.ts","statementMap":{"0":{"start":{"line":8,"column":16},"end":{"line":26,"column":null}},"1":{"start":{"line":28,"column":20},"end":{"line":48,"column":null}},"2":{"start":{"line":9,"column":18},"end":{"line":9,"column":null}},"3":{"start":{"line":12,"column":2},"end":{"line":18,"column":null}},"4":{"start":{"line":13,"column":3},"end":{"line":16,"column":null}},"5":{"start":{"line":17,"column":3},"end":{"line":17,"column":null}},"6":{"start":{"line":21,"column":2},"end":{"line":25,"column":null}},"7":{"start":{"line":31,"column":18},"end":{"line":31,"column":null}},"8":{"start":{"line":34,"column":2},"end":{"line":40,"column":null}},"9":{"start":{"line":35,"column":3},"end":{"line":38,"column":null}},"10":{"start":{"line":39,"column":3},"end":{"line":39,"column":null}},"11":{"start":{"line":43,"column":2},"end":{"line":47,"column":null}}},"fnMap":{"0":{"name":"(anonymous_0)","decl":{"start":{"line":8,"column":16},"end":{"line":8,"column":23}},"loc":{"start":{"line":8,"column":55},"end":{"line":26,"column":null}},"line":8},"1":{"name":"(anonymous_1)","decl":{"start":{"line":28,"column":20},"end":{"line":28,"column":27}},"loc":{"start":{"line":28,"column":59},"end":{"line":48,"column":null}},"line":28}},"branchMap":{"0":{"loc":{"start":{"line":12,"column":2},"end":{"line":18,"column":null}},"type":"if","locations":[{"start":{"line":12,"column":2},"end":{"line":18,"column":null}},{"start":{},"end":{}}],"line":12},"1":{"loc":{"start":{"line":15,"column":13},"end":{"line":15,"column":null}},"type":"cond-expr","locations":[{"start":{"line":15,"column":49},"end":{"line":15,"column":59}},{"start":{"line":15,"column":59},"end":{"line":15,"column":null}}],"line":15},"2":{"loc":{"start":{"line":34,"column":2},"end":{"line":40,"column":null}},"type":"if","locations":[{"start":{"line":34,"column":2},"end":{"line":40,"column":null}},{"start":{},"end":{}}],"line":34},"3":{"loc":{"start":{"line":37,"column":13},"end":{"line":37,"column":null}},"type":"cond-expr","locations":[{"start":{"line":37,"column":49},"end":{"line":37,"column":59}},{"start":{"line":37,"column":59},"end":{"line":37,"column":null}}],"line":37}},"s":{"0":0,"1":0,"2":0,"3":0,"4":0,"5":0,"6":0,"7":0,"8":0,"9":0,"10":0,"11":0},"f":{"0":0,"1":0},"b":{"0":[0,0],"1":[0,0],"2":[0,0],"3":[0,0]},"meta":{"lastBranch":4,"lastFunction":2,"lastStatement":12,"seen":{"s:8:16:26:Infinity":0,"s:28:20:48:Infinity":1,"f:8:16:8:23":0,"s:9:18:9:Infinity":2,"b:12:2:18:Infinity:undefined:undefined:undefined:undefined":0,"s:12:2:18:Infinity":3,"s:13:3:16:Infinity":4,"b:15:49:15:59:15:59:15:Infinity":1,"s:17:3:17:Infinity":5,"s:21:2:25:Infinity":6,"f:28:20:28:27":1,"s:31:18:31:Infinity":7,"b:34:2:40:Infinity:undefined:undefined:undefined:undefined":2,"s:34:2:40:Infinity":8,"s:35:3:38:Infinity":9,"b:37:49:37:59:37:59:37:Infinity":3,"s:39:3:39:Infinity":10,"s:43:2:47:Infinity":11}}}
,"/app/server/core/server.ts": {"path":"/app/server/core/server.ts","statementMap":{"0":{"start":{"line":17,"column":9},"end":{"line":17,"column":null}},"1":{"start":{"line":18,"column":18},"end":{"line":18,"column":null}},"2":{"start":{"line":38,"column":23},"end":{"line":51,"column":null}},"3":{"start":{"line":54,"column":16},"end":{"line":56,"column":null}},"4":{"start":{"line":23,"column":2},"end":{"line":23,"column":null}},"5":{"start":{"line":25,"column":2},"end":{"line":29,"column":null}},"6":{"start":{"line":31,"column":2},"end":{"line":31,"column":null}},"7":{"start":{"line":34,"column":2},"end":{"line":34,"column":null}},"8":{"start":{"line":40,"column":2},"end":{"line":40,"column":null}},"9":{"start":{"line":41,"column":2},"end":{"line":41,"column":null}},"10":{"start":{"line":42,"column":2},"end":{"line":42,"column":null}},"11":{"start":{"line":43,"column":2},"end":{"line":43,"column":null}},"12":{"start":{"line":44,"column":2},"end":{"line":44,"column":null}},"13":{"start":{"line":45,"column":2},"end":{"line":45,"column":null}},"14":{"start":{"line":46,"column":2},"end":{"line":46,"column":null}},"15":{"start":{"line":47,"column":2},"end":{"line":47,"column":null}},"16":{"start":{"line":48,"column":2},"end":{"line":48,"column":null}},"17":{"start":{"line":49,"column":2},"end":{"line":49,"column":null}},"18":{"start":{"line":50,"column":2},"end":{"line":50,"column":null}},"19":{"start":{"line":55,"column":2},"end":{"line":55,"column":null}}},"fnMap":{"0":{"name":"(anonymous_0)","decl":{"start":{"line":21,"column":1},"end":{"line":21,"column":15}},"loc":{"start":{"line":21,"column":15},"end":{"line":35,"column":null}},"line":21},"1":{"name":"(anonymous_1)","decl":{"start":{"line":38,"column":23},"end":{"line":38,"column":29}},"loc":{"start":{"line":38,"column":29},"end":{"line":51,"column":null}},"line":38},"2":{"name":"(anonymous_2)","decl":{"start":{"line":54,"column":16},"end":{"line":54,"column":22}},"loc":{"start":{"line":54,"column":22},"end":{"line":56,"column":null}},"line":54}},"branchMap":{},"s":{"0":2,"1":2,"2":2,"3":2,"4":2,"5":2,"6":2,"7":2,"8":2,"9":2,"10":2,"11":2,"12":2,"13":2,"14":2,"15":2,"16":2,"17":2,"18":2,"19":2},"f":{"0":2,"1":2,"2":2},"b":{},"meta":{"lastBranch":0,"lastFunction":3,"lastStatement":20,"seen":{"s:17:9:17:Infinity":0,"s:18:18:18:Infinity":1,"s:38:23:51:Infinity":2,"s:54:16:56:Infinity":3,"f:21:1:21:15":0,"s:23:2:23:Infinity":4,"s:25:2:29:Infinity":5,"s:31:2:31:Infinity":6,"s:34:2:34:Infinity":7,"f:38:23:38:29":1,"s:40:2:40:Infinity":8,"s:41:2:41:Infinity":9,"s:42:2:42:Infinity":10,"s:43:2:43:Infinity":11,"s:44:2:44:Infinity":12,"s:45:2:45:Infinity":13,"s:46:2:46:Infinity":14,"s:47:2:47:Infinity":15,"s:48:2:48:Infinity":16,"s:49:2:49:Infinity":17,"s:50:2:50:Infinity":18,"f:54:16:54:22":2,"s:55:2:55:Infinity":19}}}
,"/app/server/middleware/authorization_middleware.ts": {"path":"/app/server/middleware/authorization_middleware.ts","statementMap":{"0":{"start":{"line":8,"column":20},"end":{"line":48,"column":null}},"1":{"start":{"line":10,"column":2},"end":{"line":47,"column":null}},"2":{"start":{"line":13,"column":17},"end":{"line":13,"column":null}},"3":{"start":{"line":16,"column":3},"end":{"line":29,"column":null}},"4":{"start":{"line":17,"column":19},"end":{"line":17,"column":null}},"5":{"start":{"line":18,"column":4},"end":{"line":18,"column":null}},"6":{"start":{"line":21,"column":4},"end":{"line":27,"column":null}},"7":{"start":{"line":28,"column":4},"end":{"line":28,"column":null}},"8":{"start":{"line":31,"column":19},"end":{"line":31,"column":null}},"9":{"start":{"line":33,"column":3},"end":{"line":42,"column":null}},"10":{"start":{"line":34,"column":4},"end":{"line":40,"column":null}},"11":{"start":{"line":41,"column":4},"end":{"line":41,"column":null}},"12":{"start":{"line":46,"column":3},"end":{"line":46,"column":null}}},"fnMap":{"0":{"name":"(anonymous_0)","decl":{"start":{"line":8,"column":20},"end":{"line":8,"column":21}},"loc":{"start":{"line":8,"column":41},"end":{"line":48,"column":null}},"line":8},"1":{"name":"(anonymous_1)","decl":{"start":{"line":10,"column":9},"end":{"line":10,"column":16}},"loc":{"start":{"line":10,"column":68},"end":{"line":47,"column":null}},"line":10}},"branchMap":{"0":{"loc":{"start":{"line":24,"column":6},"end":{"line":26,"column":null}},"type":"cond-expr","locations":[{"start":{"line":25,"column":9},"end":{"line":25,"column":null}},{"start":{"line":26,"column":10},"end":{"line":26,"column":null}}],"line":24},"1":{"loc":{"start":{"line":33,"column":3},"end":{"line":42,"column":null}},"type":"if","locations":[{"start":{"line":33,"column":3},"end":{"line":42,"column":null}},{"start":{},"end":{}}],"line":33},"2":{"loc":{"start":{"line":37,"column":6},"end":{"line":39,"column":null}},"type":"cond-expr","locations":[{"start":{"line":38,"column":9},"end":{"line":38,"column":null}},{"start":{"line":39,"column":9},"end":{"line":39,"column":null}}],"line":37}},"s":{"0":6,"1":6,"2":1,"3":1,"4":1,"5":1,"6":0,"7":0,"8":1,"9":1,"10":0,"11":0,"12":1},"f":{"0":6,"1":1},"b":{"0":[0,0],"1":[0,1],"2":[0,0]},"meta":{"lastBranch":3,"lastFunction":2,"lastStatement":13,"seen":{"s:8:20:48:Infinity":0,"f:8:20:8:21":0,"s:10:2:47:Infinity":1,"f:10:9:10:16":1,"s:13:17:13:Infinity":2,"s:16:3:29:Infinity":3,"s:17:19:17:Infinity":4,"s:18:4:18:Infinity":5,"s:21:4:27:Infinity":6,"b:25:9:25:Infinity:26:10:26:Infinity":0,"s:28:4:28:Infinity":7,"s:31:19:31:Infinity":8,"b:33:3:42:Infinity:undefined:undefined:undefined:undefined":1,"s:33:3:42:Infinity":9,"s:34:4:40:Infinity":10,"b:38:9:38:Infinity:39:9:39:Infinity":2,"s:41:4:41:Infinity":11,"s:46:3:46:Infinity":12}}}
,"/app/server/repository/author_repository.ts": {"path":"/app/server/repository/author_repository.ts","statementMap":{"0":{"start":{"line":8,"column":17},"end":{"line":8,"column":null}},"1":{"start":{"line":11,"column":20},"end":{"line":54,"column":null}},"2":{"start":{"line":60,"column":20},"end":{"line":111,"column":null}},"3":{"start":{"line":114,"column":23},"end":{"line":160,"column":null}},"4":{"start":{"line":13,"column":21},"end":{"line":13,"column":null}},"5":{"start":{"line":17,"column":14},"end":{"line":32,"column":null}},"6":{"start":{"line":36,"column":2},"end":{"line":53,"column":null}},"7":{"start":{"line":38,"column":19},"end":{"line":38,"column":null}},"8":{"start":{"line":41,"column":3},"end":{"line":49,"column":null}},"9":{"start":{"line":41,"column":16},"end":{"line":41,"column":19}},"10":{"start":{"line":43,"column":20},"end":{"line":43,"column":null}},"11":{"start":{"line":46,"column":4},"end":{"line":48,"column":null}},"12":{"start":{"line":50,"column":3},"end":{"line":50,"column":null}},"13":{"start":{"line":52,"column":3},"end":{"line":52,"column":null}},"14":{"start":{"line":64,"column":21},"end":{"line":64,"column":null}},"15":{"start":{"line":68,"column":14},"end":{"line":85,"column":null}},"16":{"start":{"line":89,"column":2},"end":{"line":110,"column":null}},"17":{"start":{"line":94,"column":19},"end":{"line":94,"column":null}},"18":{"start":{"line":99,"column":19},"end":{"line":99,"column":null}},"19":{"start":{"line":102,"column":3},"end":{"line":104,"column":null}},"20":{"start":{"line":107,"column":3},"end":{"line":107,"column":null}},"21":{"start":{"line":109,"column":3},"end":{"line":109,"column":null}},"22":{"start":{"line":116,"column":21},"end":{"line":116,"column":null}},"23":{"start":{"line":120,"column":14},"end":{"line":137,"column":null}},"24":{"start":{"line":143,"column":2},"end":{"line":159,"column":null}},"25":{"start":{"line":145,"column":19},"end":{"line":145,"column":null}},"26":{"start":{"line":156,"column":3},"end":{"line":156,"column":null}},"27":{"start":{"line":158,"column":3},"end":{"line":158,"column":null}}},"fnMap":{"0":{"name":"(anonymous_0)","decl":{"start":{"line":11,"column":20},"end":{"line":11,"column":61}},"loc":{"start":{"line":11,"column":61},"end":{"line":54,"column":null}},"line":11},"1":{"name":"(anonymous_1)","decl":{"start":{"line":60,"column":20},"end":{"line":60,"column":null}},"loc":{"start":{"line":62,"column":33},"end":{"line":111,"column":null}},"line":62},"2":{"name":"(anonymous_2)","decl":{"start":{"line":114,"column":23},"end":{"line":114,"column":30}},"loc":{"start":{"line":114,"column":76},"end":{"line":160,"column":null}},"line":114}},"branchMap":{},"s":{"0":0,"1":0,"2":0,"3":0,"4":0,"5":0,"6":0,"7":0,"8":0,"9":0,"10":0,"11":0,"12":0,"13":0,"14":0,"15":0,"16":0,"17":0,"18":0,"19":0,"20":0,"21":0,"22":0,"23":0,"24":0,"25":0,"26":0,"27":0},"f":{"0":0,"1":0,"2":0},"b":{},"meta":{"lastBranch":0,"lastFunction":3,"lastStatement":28,"seen":{"s:8:17:8:Infinity":0,"s:11:20:54:Infinity":1,"s:60:20:111:Infinity":2,"s:114:23:160:Infinity":3,"f:11:20:11:61":0,"s:13:21:13:Infinity":4,"s:17:14:32:Infinity":5,"s:36:2:53:Infinity":6,"s:38:19:38:Infinity":7,"s:41:3:49:Infinity":8,"s:41:16:41:19":9,"s:43:20:43:Infinity":10,"s:46:4:48:Infinity":11,"s:50:3:50:Infinity":12,"s:52:3:52:Infinity":13,"f:60:20:60:Infinity":1,"s:64:21:64:Infinity":14,"s:68:14:85:Infinity":15,"s:89:2:110:Infinity":16,"s:94:19:94:Infinity":17,"s:99:19:99:Infinity":18,"s:102:3:104:Infinity":19,"s:107:3:107:Infinity":20,"s:109:3:109:Infinity":21,"f:114:23:114:30":2,"s:116:21:116:Infinity":22,"s:120:14:137:Infinity":23,"s:143:2:159:Infinity":24,"s:145:19:145:Infinity":25,"s:156:3:156:Infinity":26,"s:158:3:158:Infinity":27}}}
,"/app/server/repository/book_repository.ts": {"path":"/app/server/repository/book_repository.ts","statementMap":{"0":{"start":{"line":13,"column":17},"end":{"line":13,"column":null}},"1":{"start":{"line":16,"column":20},"end":{"line":88,"column":null}},"2":{"start":{"line":93,"column":20},"end":{"line":172,"column":null}},"3":{"start":{"line":174,"column":23},"end":{"line":248,"column":null}},"4":{"start":{"line":251,"column":17},"end":{"line":355,"column":null}},"5":{"start":{"line":357,"column":17},"end":{"line":488,"column":null}},"6":{"start":{"line":489,"column":17},"end":{"line":584,"column":null}},"7":{"start":{"line":18,"column":21},"end":{"line":18,"column":null}},"8":{"start":{"line":22,"column":14},"end":{"line":55,"column":null}},"9":{"start":{"line":59,"column":2},"end":{"line":87,"column":null}},"10":{"start":{"line":61,"column":19},"end":{"line":61,"column":null}},"11":{"start":{"line":64,"column":3},"end":{"line":82,"column":null}},"12":{"start":{"line":64,"column":16},"end":{"line":64,"column":19}},"13":{"start":{"line":66,"column":20},"end":{"line":66,"column":null}},"14":{"start":{"line":69,"column":4},"end":{"line":71,"column":null}},"15":{"start":{"line":74,"column":4},"end":{"line":76,"column":null}},"16":{"start":{"line":79,"column":4},"end":{"line":81,"column":null}},"17":{"start":{"line":84,"column":3},"end":{"line":84,"column":null}},"18":{"start":{"line":86,"column":3},"end":{"line":86,"column":null}},"19":{"start":{"line":95,"column":21},"end":{"line":95,"column":null}},"20":{"start":{"line":99,"column":14},"end":{"line":135,"column":null}},"21":{"start":{"line":140,"column":2},"end":{"line":171,"column":null}},"22":{"start":{"line":145,"column":19},"end":{"line":145,"column":null}},"23":{"start":{"line":150,"column":19},"end":{"line":150,"column":null}},"24":{"start":{"line":153,"column":3},"end":{"line":155,"column":null}},"25":{"start":{"line":158,"column":3},"end":{"line":160,"column":null}},"26":{"start":{"line":163,"column":3},"end":{"line":165,"column":null}},"27":{"start":{"line":168,"column":3},"end":{"line":168,"column":null}},"28":{"start":{"line":170,"column":3},"end":{"line":170,"column":null}},"29":{"start":{"line":176,"column":21},"end":{"line":176,"column":null}},"30":{"start":{"line":180,"column":14},"end":{"line":216,"column":null}},"31":{"start":{"line":221,"column":2},"end":{"line":247,"column":null}},"32":{"start":{"line":223,"column":19},"end":{"line":223,"column":null}},"33":{"start":{"line":227,"column":19},"end":{"line":227,"column":null}},"34":{"start":{"line":230,"column":3},"end":{"line":232,"column":null}},"35":{"start":{"line":235,"column":3},"end":{"line":237,"column":null}},"36":{"start":{"line":240,"column":3},"end":{"line":242,"column":null}},"37":{"start":{"line":244,"column":3},"end":{"line":244,"column":null}},"38":{"start":{"line":246,"column":3},"end":{"line":246,"column":null}},"39":{"start":{"line":255,"column":21},"end":{"line":255,"column":null}},"40":{"start":{"line":260,"column":12},"end":{"line":262,"column":null}},"41":{"start":{"line":281,"column":2},"end":{"line":354,"column":null}},"42":{"start":{"line":283,"column":3},"end":{"line":283,"column":null}},"43":{"start":{"line":286,"column":3},"end":{"line":286,"column":null}},"44":{"start":{"line":289,"column":3},"end":{"line":289,"column":null}},"45":{"start":{"line":291,"column":3},"end":{"line":291,"column":null}},"46":{"start":{"line":294,"column":18},"end":{"line":297,"column":null}},"47":{"start":{"line":296,"column":20},"end":{"line":296,"column":37}},"48":{"start":{"line":300,"column":3},"end":{"line":305,"column":null}},"49":{"start":{"line":309,"column":3},"end":{"line":309,"column":null}},"50":{"start":{"line":311,"column":3},"end":{"line":314,"column":null}},"51":{"start":{"line":313,"column":20},"end":{"line":313,"column":37}},"52":{"start":{"line":317,"column":3},"end":{"line":322,"column":null}},"53":{"start":{"line":325,"column":3},"end":{"line":325,"column":null}},"54":{"start":{"line":327,"column":3},"end":{"line":330,"column":null}},"55":{"start":{"line":329,"column":20},"end":{"line":329,"column":37}},"56":{"start":{"line":333,"column":3},"end":{"line":338,"column":null}},"57":{"start":{"line":342,"column":19},"end":{"line":342,"column":null}},"58":{"start":{"line":345,"column":3},"end":{"line":345,"column":null}},"59":{"start":{"line":348,"column":3},"end":{"line":348,"column":null}},"60":{"start":{"line":351,"column":3},"end":{"line":351,"column":null}},"61":{"start":{"line":353,"column":3},"end":{"line":353,"column":null}},"62":{"start":{"line":362,"column":21},"end":{"line":362,"column":null}},"63":{"start":{"line":364,"column":2},"end":{"line":364,"column":null}},"64":{"start":{"line":366,"column":12},"end":{"line":380,"column":null}},"65":{"start":{"line":384,"column":2},"end":{"line":487,"column":null}},"66":{"start":{"line":386,"column":3},"end":{"line":386,"column":null}},"67":{"start":{"line":389,"column":3},"end":{"line":389,"column":null}},"68":{"start":{"line":392,"column":3},"end":{"line":394,"column":null}},"69":{"start":{"line":402,"column":3},"end":{"line":402,"column":null}},"70":{"start":{"line":404,"column":3},"end":{"line":406,"column":null}},"71":{"start":{"line":414,"column":3},"end":{"line":414,"column":null}},"72":{"start":{"line":416,"column":3},"end":{"line":418,"column":null}},"73":{"start":{"line":425,"column":3},"end":{"line":425,"column":null}},"74":{"start":{"line":429,"column":18},"end":{"line":433,"column":null}},"75":{"start":{"line":432,"column":20},"end":{"line":432,"column":37}},"76":{"start":{"line":436,"column":3},"end":{"line":440,"column":null}},"77":{"start":{"line":444,"column":3},"end":{"line":444,"column":null}},"78":{"start":{"line":447,"column":3},"end":{"line":451,"column":null}},"79":{"start":{"line":450,"column":20},"end":{"line":450,"column":37}},"80":{"start":{"line":453,"column":3},"end":{"line":457,"column":null}},"81":{"start":{"line":460,"column":3},"end":{"line":460,"column":null}},"82":{"start":{"line":463,"column":3},"end":{"line":467,"column":null}},"83":{"start":{"line":466,"column":20},"end":{"line":466,"column":37}},"84":{"start":{"line":469,"column":3},"end":{"line":473,"column":null}},"85":{"start":{"line":477,"column":19},"end":{"line":477,"column":null}},"86":{"start":{"line":480,"column":3},"end":{"line":480,"column":null}},"87":{"start":{"line":483,"column":3},"end":{"line":483,"column":null}},"88":{"start":{"line":485,"column":3},"end":{"line":485,"column":null}},"89":{"start":{"line":486,"column":3},"end":{"line":486,"column":null}},"90":{"start":{"line":493,"column":21},"end":{"line":493,"column":null}},"91":{"start":{"line":498,"column":12},"end":{"line":501,"column":null}},"92":{"start":{"line":509,"column":2},"end":{"line":583,"column":null}},"93":{"start":{"line":511,"column":3},"end":{"line":511,"column":null}},"94":{"start":{"line":514,"column":3},"end":{"line":514,"column":null}},"95":{"start":{"line":516,"column":3},"end":{"line":520,"column":null}},"96":{"start":{"line":524,"column":3},"end":{"line":524,"column":null}},"97":{"start":{"line":529,"column":3},"end":{"line":531,"column":null}},"98":{"start":{"line":538,"column":3},"end":{"line":538,"column":null}},"99":{"start":{"line":541,"column":3},"end":{"line":543,"column":null}},"100":{"start":{"line":550,"column":3},"end":{"line":550,"column":null}},"101":{"start":{"line":552,"column":3},"end":{"line":554,"column":null}},"102":{"start":{"line":561,"column":3},"end":{"line":561,"column":null}},"103":{"start":{"line":563,"column":3},"end":{"line":567,"column":null}},"104":{"start":{"line":571,"column":19},"end":{"line":571,"column":null}},"105":{"start":{"line":574,"column":3},"end":{"line":574,"column":null}},"106":{"start":{"line":577,"column":3},"end":{"line":577,"column":null}},"107":{"start":{"line":580,"column":3},"end":{"line":580,"column":null}},"108":{"start":{"line":582,"column":3},"end":{"line":582,"column":null}}},"fnMap":{"0":{"name":"(anonymous_0)","decl":{"start":{"line":16,"column":20},"end":{"line":16,"column":59}},"loc":{"start":{"line":16,"column":59},"end":{"line":88,"column":null}},"line":16},"1":{"name":"(anonymous_1)","decl":{"start":{"line":93,"column":20},"end":{"line":93,"column":27}},"loc":{"start":{"line":93,"column":76},"end":{"line":172,"column":null}},"line":93},"2":{"name":"(anonymous_2)","decl":{"start":{"line":174,"column":23},"end":{"line":174,"column":30}},"loc":{"start":{"line":174,"column":74},"end":{"line":248,"column":null}},"line":174},"3":{"name":"(anonymous_3)","decl":{"start":{"line":251,"column":17},"end":{"line":251,"column":null}},"loc":{"start":{"line":253,"column":38},"end":{"line":355,"column":null}},"line":253},"4":{"name":"(anonymous_4)","decl":{"start":{"line":296,"column":9},"end":{"line":296,"column":10}},"loc":{"start":{"line":296,"column":20},"end":{"line":296,"column":37}},"line":296},"5":{"name":"(anonymous_5)","decl":{"start":{"line":313,"column":9},"end":{"line":313,"column":10}},"loc":{"start":{"line":313,"column":20},"end":{"line":313,"column":37}},"line":313},"6":{"name":"(anonymous_6)","decl":{"start":{"line":329,"column":9},"end":{"line":329,"column":10}},"loc":{"start":{"line":329,"column":20},"end":{"line":329,"column":37}},"line":329},"7":{"name":"(anonymous_7)","decl":{"start":{"line":357,"column":17},"end":{"line":357,"column":null}},"loc":{"start":{"line":359,"column":38},"end":{"line":488,"column":null}},"line":359},"8":{"name":"(anonymous_8)","decl":{"start":{"line":432,"column":9},"end":{"line":432,"column":10}},"loc":{"start":{"line":432,"column":20},"end":{"line":432,"column":37}},"line":432},"9":{"name":"(anonymous_9)","decl":{"start":{"line":450,"column":9},"end":{"line":450,"column":10}},"loc":{"start":{"line":450,"column":20},"end":{"line":450,"column":37}},"line":450},"10":{"name":"(anonymous_10)","decl":{"start":{"line":466,"column":9},"end":{"line":466,"column":10}},"loc":{"start":{"line":466,"column":20},"end":{"line":466,"column":37}},"line":466},"11":{"name":"(anonymous_11)","decl":{"start":{"line":489,"column":17},"end":{"line":489,"column":null}},"loc":{"start":{"line":491,"column":38},"end":{"line":584,"column":null}},"line":491}},"branchMap":{},"s":{"0":1,"1":0,"2":0,"3":0,"4":1,"5":0,"6":0,"7":0,"8":0,"9":0,"10":0,"11":0,"12":0,"13":0,"14":0,"15":0,"16":0,"17":0,"18":0,"19":0,"20":0,"21":0,"22":0,"23":0,"24":0,"25":0,"26":0,"27":0,"28":0,"29":0,"30":0,"31":0,"32":0,"33":0,"34":0,"35":0,"36":0,"37":0,"38":0,"39":1,"40":1,"41":1,"42":1,"43":1,"44":1,"45":1,"46":1,"47":1,"48":1,"49":1,"50":1,"51":1,"52":1,"53":1,"54":1,"55":1,"56":1,"57":1,"58":1,"59":1,"60":0,"61":0,"62":0,"63":0,"64":0,"65":0,"66":0,"67":0,"68":0,"69":0,"70":0,"71":0,"72":0,"73":0,"74":0,"75":0,"76":0,"77":0,"78":0,"79":0,"80":0,"81":0,"82":0,"83":0,"84":0,"85":0,"86":0,"87":0,"88":0,"89":0,"90":0,"91":0,"92":0,"93":0,"94":0,"95":0,"96":0,"97":0,"98":0,"99":0,"100":0,"101":0,"102":0,"103":0,"104":0,"105":0,"106":0,"107":0,"108":0},"f":{"0":0,"1":0,"2":0,"3":1,"4":1,"5":1,"6":1,"7":0,"8":0,"9":0,"10":0,"11":0},"b":{},"meta":{"lastBranch":0,"lastFunction":12,"lastStatement":109,"seen":{"s:13:17:13:Infinity":0,"s:16:20:88:Infinity":1,"s:93:20:172:Infinity":2,"s:174:23:248:Infinity":3,"s:251:17:355:Infinity":4,"s:357:17:488:Infinity":5,"s:489:17:584:Infinity":6,"f:16:20:16:59":0,"s:18:21:18:Infinity":7,"s:22:14:55:Infinity":8,"s:59:2:87:Infinity":9,"s:61:19:61:Infinity":10,"s:64:3:82:Infinity":11,"s:64:16:64:19":12,"s:66:20:66:Infinity":13,"s:69:4:71:Infinity":14,"s:74:4:76:Infinity":15,"s:79:4:81:Infinity":16,"s:84:3:84:Infinity":17,"s:86:3:86:Infinity":18,"f:93:20:93:27":1,"s:95:21:95:Infinity":19,"s:99:14:135:Infinity":20,"s:140:2:171:Infinity":21,"s:145:19:145:Infinity":22,"s:150:19:150:Infinity":23,"s:153:3:155:Infinity":24,"s:158:3:160:Infinity":25,"s:163:3:165:Infinity":26,"s:168:3:168:Infinity":27,"s:170:3:170:Infinity":28,"f:174:23:174:30":2,"s:176:21:176:Infinity":29,"s:180:14:216:Infinity":30,"s:221:2:247:Infinity":31,"s:223:19:223:Infinity":32,"s:227:19:227:Infinity":33,"s:230:3:232:Infinity":34,"s:235:3:237:Infinity":35,"s:240:3:242:Infinity":36,"s:244:3:244:Infinity":37,"s:246:3:246:Infinity":38,"f:251:17:251:Infinity":3,"s:255:21:255:Infinity":39,"s:260:12:262:Infinity":40,"s:281:2:354:Infinity":41,"s:283:3:283:Infinity":42,"s:286:3:286:Infinity":43,"s:289:3:289:Infinity":44,"s:291:3:291:Infinity":45,"s:294:18:297:Infinity":46,"f:296:9:296:10":4,"s:296:20:296:37":47,"s:300:3:305:Infinity":48,"s:309:3:309:Infinity":49,"s:311:3:314:Infinity":50,"f:313:9:313:10":5,"s:313:20:313:37":51,"s:317:3:322:Infinity":52,"s:325:3:325:Infinity":53,"s:327:3:330:Infinity":54,"f:329:9:329:10":6,"s:329:20:329:37":55,"s:333:3:338:Infinity":56,"s:342:19:342:Infinity":57,"s:345:3:345:Infinity":58,"s:348:3:348:Infinity":59,"s:351:3:351:Infinity":60,"s:353:3:353:Infinity":61,"f:357:17:357:Infinity":7,"s:362:21:362:Infinity":62,"s:364:2:364:Infinity":63,"s:366:12:380:Infinity":64,"s:384:2:487:Infinity":65,"s:386:3:386:Infinity":66,"s:389:3:389:Infinity":67,"s:392:3:394:Infinity":68,"s:402:3:402:Infinity":69,"s:404:3:406:Infinity":70,"s:414:3:414:Infinity":71,"s:416:3:418:Infinity":72,"s:425:3:425:Infinity":73,"s:429:18:433:Infinity":74,"f:432:9:432:10":8,"s:432:20:432:37":75,"s:436:3:440:Infinity":76,"s:444:3:444:Infinity":77,"s:447:3:451:Infinity":78,"f:450:9:450:10":9,"s:450:20:450:37":79,"s:453:3:457:Infinity":80,"s:460:3:460:Infinity":81,"s:463:3:467:Infinity":82,"f:466:9:466:10":10,"s:466:20:466:37":83,"s:469:3:473:Infinity":84,"s:477:19:477:Infinity":85,"s:480:3:480:Infinity":86,"s:483:3:483:Infinity":87,"s:485:3:485:Infinity":88,"s:486:3:486:Infinity":89,"f:489:17:489:Infinity":11,"s:493:21:493:Infinity":90,"s:498:12:501:Infinity":91,"s:509:2:583:Infinity":92,"s:511:3:511:Infinity":93,"s:514:3:514:Infinity":94,"s:516:3:520:Infinity":95,"s:524:3:524:Infinity":96,"s:529:3:531:Infinity":97,"s:538:3:538:Infinity":98,"s:541:3:543:Infinity":99,"s:550:3:550:Infinity":100,"s:552:3:554:Infinity":101,"s:561:3:561:Infinity":102,"s:563:3:567:Infinity":103,"s:571:19:571:Infinity":104,"s:574:3:574:Infinity":105,"s:577:3:577:Infinity":106,"s:580:3:580:Infinity":107,"s:582:3:582:Infinity":108}}}
,"/app/server/repository/category_repository.ts": {"path":"/app/server/repository/category_repository.ts","statementMap":{"0":{"start":{"line":9,"column":17},"end":{"line":9,"column":null}},"1":{"start":{"line":12,"column":20},"end":{"line":57,"column":null}},"2":{"start":{"line":63,"column":20},"end":{"line":116,"column":null}},"3":{"start":{"line":119,"column":23},"end":{"line":165,"column":null}},"4":{"start":{"line":167,"column":17},"end":{"line":230,"column":null}},"5":{"start":{"line":14,"column":21},"end":{"line":14,"column":null}},"6":{"start":{"line":19,"column":14},"end":{"line":34,"column":null}},"7":{"start":{"line":38,"column":2},"end":{"line":56,"column":null}},"8":{"start":{"line":40,"column":19},"end":{"line":40,"column":null}},"9":{"start":{"line":43,"column":3},"end":{"line":51,"column":null}},"10":{"start":{"line":43,"column":16},"end":{"line":43,"column":19}},"11":{"start":{"line":45,"column":20},"end":{"line":45,"column":null}},"12":{"start":{"line":48,"column":4},"end":{"line":50,"column":null}},"13":{"start":{"line":53,"column":3},"end":{"line":53,"column":null}},"14":{"start":{"line":55,"column":3},"end":{"line":55,"column":null}},"15":{"start":{"line":67,"column":21},"end":{"line":67,"column":null}},"16":{"start":{"line":71,"column":14},"end":{"line":89,"column":null}},"17":{"start":{"line":94,"column":2},"end":{"line":115,"column":null}},"18":{"start":{"line":99,"column":19},"end":{"line":99,"column":null}},"19":{"start":{"line":104,"column":19},"end":{"line":104,"column":null}},"20":{"start":{"line":107,"column":3},"end":{"line":109,"column":null}},"21":{"start":{"line":112,"column":3},"end":{"line":112,"column":null}},"22":{"start":{"line":114,"column":3},"end":{"line":114,"column":null}},"23":{"start":{"line":121,"column":21},"end":{"line":121,"column":null}},"24":{"start":{"line":125,"column":14},"end":{"line":142,"column":null}},"25":{"start":{"line":148,"column":2},"end":{"line":164,"column":null}},"26":{"start":{"line":150,"column":19},"end":{"line":150,"column":null}},"27":{"start":{"line":161,"column":3},"end":{"line":161,"column":null}},"28":{"start":{"line":163,"column":3},"end":{"line":163,"column":null}},"29":{"start":{"line":171,"column":21},"end":{"line":171,"column":null}},"30":{"start":{"line":176,"column":12},"end":{"line":178,"column":null}},"31":{"start":{"line":188,"column":2},"end":{"line":229,"column":null}},"32":{"start":{"line":190,"column":3},"end":{"line":190,"column":null}},"33":{"start":{"line":193,"column":3},"end":{"line":193,"column":null}},"34":{"start":{"line":196,"column":3},"end":{"line":196,"column":null}},"35":{"start":{"line":198,"column":3},"end":{"line":198,"column":null}},"36":{"start":{"line":201,"column":20},"end":{"line":204,"column":null}},"37":{"start":{"line":203,"column":20},"end":{"line":203,"column":37}},"38":{"start":{"line":207,"column":3},"end":{"line":212,"column":null}},"39":{"start":{"line":217,"column":19},"end":{"line":217,"column":null}},"40":{"start":{"line":220,"column":3},"end":{"line":220,"column":null}},"41":{"start":{"line":223,"column":3},"end":{"line":223,"column":null}},"42":{"start":{"line":226,"column":3},"end":{"line":226,"column":null}},"43":{"start":{"line":228,"column":3},"end":{"line":228,"column":null}}},"fnMap":{"0":{"name":"(anonymous_0)","decl":{"start":{"line":12,"column":20},"end":{"line":12,"column":63}},"loc":{"start":{"line":12,"column":63},"end":{"line":57,"column":null}},"line":12},"1":{"name":"(anonymous_1)","decl":{"start":{"line":63,"column":20},"end":{"line":63,"column":null}},"loc":{"start":{"line":65,"column":35},"end":{"line":116,"column":null}},"line":65},"2":{"name":"(anonymous_2)","decl":{"start":{"line":119,"column":23},"end":{"line":119,"column":30}},"loc":{"start":{"line":119,"column":78},"end":{"line":165,"column":null}},"line":119},"3":{"name":"(anonymous_3)","decl":{"start":{"line":167,"column":17},"end":{"line":167,"column":null}},"loc":{"start":{"line":169,"column":38},"end":{"line":230,"column":null}},"line":169},"4":{"name":"(anonymous_4)","decl":{"start":{"line":203,"column":9},"end":{"line":203,"column":10}},"loc":{"start":{"line":203,"column":20},"end":{"line":203,"column":37}},"line":203}},"branchMap":{},"s":{"0":0,"1":0,"2":0,"3":0,"4":0,"5":0,"6":0,"7":0,"8":0,"9":0,"10":0,"11":0,"12":0,"13":0,"14":0,"15":0,"16":0,"17":0,"18":0,"19":0,"20":0,"21":0,"22":0,"23":0,"24":0,"25":0,"26":0,"27":0,"28":0,"29":0,"30":0,"31":0,"32":0,"33":0,"34":0,"35":0,"36":0,"37":0,"38":0,"39":0,"40":0,"41":0,"42":0,"43":0},"f":{"0":0,"1":0,"2":0,"3":0,"4":0},"b":{},"meta":{"lastBranch":0,"lastFunction":5,"lastStatement":44,"seen":{"s:9:17:9:Infinity":0,"s:12:20:57:Infinity":1,"s:63:20:116:Infinity":2,"s:119:23:165:Infinity":3,"s:167:17:230:Infinity":4,"f:12:20:12:63":0,"s:14:21:14:Infinity":5,"s:19:14:34:Infinity":6,"s:38:2:56:Infinity":7,"s:40:19:40:Infinity":8,"s:43:3:51:Infinity":9,"s:43:16:43:19":10,"s:45:20:45:Infinity":11,"s:48:4:50:Infinity":12,"s:53:3:53:Infinity":13,"s:55:3:55:Infinity":14,"f:63:20:63:Infinity":1,"s:67:21:67:Infinity":15,"s:71:14:89:Infinity":16,"s:94:2:115:Infinity":17,"s:99:19:99:Infinity":18,"s:104:19:104:Infinity":19,"s:107:3:109:Infinity":20,"s:112:3:112:Infinity":21,"s:114:3:114:Infinity":22,"f:119:23:119:30":2,"s:121:21:121:Infinity":23,"s:125:14:142:Infinity":24,"s:148:2:164:Infinity":25,"s:150:19:150:Infinity":26,"s:161:3:161:Infinity":27,"s:163:3:163:Infinity":28,"f:167:17:167:Infinity":3,"s:171:21:171:Infinity":29,"s:176:12:178:Infinity":30,"s:188:2:229:Infinity":31,"s:190:3:190:Infinity":32,"s:193:3:193:Infinity":33,"s:196:3:196:Infinity":34,"s:198:3:198:Infinity":35,"s:201:20:204:Infinity":36,"f:203:9:203:10":4,"s:203:20:203:37":37,"s:207:3:212:Infinity":38,"s:217:19:217:Infinity":39,"s:220:3:220:Infinity":40,"s:223:3:223:Infinity":41,"s:226:3:226:Infinity":42,"s:228:3:228:Infinity":43}}}
,"/app/server/repository/contact_repository.ts": {"path":"/app/server/repository/contact_repository.ts","statementMap":{"0":{"start":{"line":7,"column":22},"end":{"line":7,"column":null}},"1":{"start":{"line":11,"column":20},"end":{"line":19,"column":null}},"2":{"start":{"line":22,"column":17},"end":{"line":32,"column":null}},"3":{"start":{"line":13,"column":21},"end":{"line":13,"column":null}},"4":{"start":{"line":16,"column":21},"end":{"line":16,"column":null}},"5":{"start":{"line":17,"column":18},"end":{"line":17,"column":null}},"6":{"start":{"line":18,"column":2},"end":{"line":18,"column":null}},"7":{"start":{"line":26,"column":21},"end":{"line":26,"column":null}},"8":{"start":{"line":29,"column":21},"end":{"line":29,"column":null}},"9":{"start":{"line":30,"column":18},"end":{"line":30,"column":null}},"10":{"start":{"line":31,"column":2},"end":{"line":31,"column":null}}},"fnMap":{"0":{"name":"(anonymous_0)","decl":{"start":{"line":11,"column":20},"end":{"line":11,"column":63}},"loc":{"start":{"line":11,"column":63},"end":{"line":19,"column":null}},"line":11},"1":{"name":"(anonymous_1)","decl":{"start":{"line":22,"column":17},"end":{"line":22,"column":null}},"loc":{"start":{"line":24,"column":44},"end":{"line":32,"column":null}},"line":24}},"branchMap":{},"s":{"0":0,"1":0,"2":0,"3":0,"4":0,"5":0,"6":0,"7":0,"8":0,"9":0,"10":0},"f":{"0":0,"1":0},"b":{},"meta":{"lastBranch":0,"lastFunction":2,"lastStatement":11,"seen":{"s:7:22:7:Infinity":0,"s:11:20:19:Infinity":1,"s:22:17:32:Infinity":2,"f:11:20:11:63":0,"s:13:21:13:Infinity":3,"s:16:21:16:Infinity":4,"s:17:18:17:Infinity":5,"s:18:2:18:Infinity":6,"f:22:17:22:Infinity":1,"s:26:21:26:Infinity":7,"s:29:21:29:Infinity":8,"s:30:18:30:Infinity":9,"s:31:2:31:Infinity":10}}}
,"/app/server/repository/currentstate_repository.ts": {"path":"/app/server/repository/currentstate_repository.ts","statementMap":{"0":{"start":{"line":8,"column":17},"end":{"line":8,"column":null}},"1":{"start":{"line":11,"column":20},"end":{"line":55,"column":null}},"2":{"start":{"line":61,"column":20},"end":{"line":112,"column":null}},"3":{"start":{"line":115,"column":23},"end":{"line":162,"column":null}},"4":{"start":{"line":13,"column":21},"end":{"line":13,"column":null}},"5":{"start":{"line":17,"column":14},"end":{"line":32,"column":null}},"6":{"start":{"line":36,"column":2},"end":{"line":54,"column":null}},"7":{"start":{"line":38,"column":19},"end":{"line":38,"column":null}},"8":{"start":{"line":41,"column":3},"end":{"line":49,"column":null}},"9":{"start":{"line":41,"column":16},"end":{"line":41,"column":19}},"10":{"start":{"line":43,"column":20},"end":{"line":43,"column":null}},"11":{"start":{"line":46,"column":4},"end":{"line":48,"column":null}},"12":{"start":{"line":51,"column":3},"end":{"line":51,"column":null}},"13":{"start":{"line":53,"column":3},"end":{"line":53,"column":null}},"14":{"start":{"line":65,"column":21},"end":{"line":65,"column":null}},"15":{"start":{"line":69,"column":14},"end":{"line":86,"column":null}},"16":{"start":{"line":90,"column":2},"end":{"line":111,"column":null}},"17":{"start":{"line":95,"column":19},"end":{"line":95,"column":null}},"18":{"start":{"line":100,"column":19},"end":{"line":100,"column":null}},"19":{"start":{"line":103,"column":3},"end":{"line":105,"column":null}},"20":{"start":{"line":108,"column":3},"end":{"line":108,"column":null}},"21":{"start":{"line":110,"column":3},"end":{"line":110,"column":null}},"22":{"start":{"line":119,"column":21},"end":{"line":119,"column":null}},"23":{"start":{"line":123,"column":14},"end":{"line":140,"column":null}},"24":{"start":{"line":145,"column":2},"end":{"line":161,"column":null}},"25":{"start":{"line":150,"column":19},"end":{"line":150,"column":null}},"26":{"start":{"line":158,"column":3},"end":{"line":158,"column":null}},"27":{"start":{"line":160,"column":3},"end":{"line":160,"column":null}}},"fnMap":{"0":{"name":"(anonymous_0)","decl":{"start":{"line":11,"column":20},"end":{"line":11,"column":67}},"loc":{"start":{"line":11,"column":67},"end":{"line":55,"column":null}},"line":11},"1":{"name":"(anonymous_1)","decl":{"start":{"line":61,"column":20},"end":{"line":61,"column":null}},"loc":{"start":{"line":63,"column":39},"end":{"line":112,"column":null}},"line":63},"2":{"name":"(anonymous_2)","decl":{"start":{"line":115,"column":23},"end":{"line":115,"column":null}},"loc":{"start":{"line":117,"column":41},"end":{"line":162,"column":null}},"line":117}},"branchMap":{},"s":{"0":0,"1":0,"2":0,"3":0,"4":0,"5":0,"6":0,"7":0,"8":0,"9":0,"10":0,"11":0,"12":0,"13":0,"14":0,"15":0,"16":0,"17":0,"18":0,"19":0,"20":0,"21":0,"22":0,"23":0,"24":0,"25":0,"26":0,"27":0},"f":{"0":0,"1":0,"2":0},"b":{},"meta":{"lastBranch":0,"lastFunction":3,"lastStatement":28,"seen":{"s:8:17:8:Infinity":0,"s:11:20:55:Infinity":1,"s:61:20:112:Infinity":2,"s:115:23:162:Infinity":3,"f:11:20:11:67":0,"s:13:21:13:Infinity":4,"s:17:14:32:Infinity":5,"s:36:2:54:Infinity":6,"s:38:19:38:Infinity":7,"s:41:3:49:Infinity":8,"s:41:16:41:19":9,"s:43:20:43:Infinity":10,"s:46:4:48:Infinity":11,"s:51:3:51:Infinity":12,"s:53:3:53:Infinity":13,"f:61:20:61:Infinity":1,"s:65:21:65:Infinity":14,"s:69:14:86:Infinity":15,"s:90:2:111:Infinity":16,"s:95:19:95:Infinity":17,"s:100:19:100:Infinity":18,"s:103:3:105:Infinity":19,"s:108:3:108:Infinity":20,"s:110:3:110:Infinity":21,"f:115:23:115:Infinity":2,"s:119:21:119:Infinity":22,"s:123:14:140:Infinity":23,"s:145:2:161:Infinity":24,"s:150:19:150:Infinity":25,"s:158:3:158:Infinity":26,"s:160:3:160:Infinity":27}}}
,"/app/server/repository/events_repository.ts": {"path":"/app/server/repository/events_repository.ts","statementMap":{"0":{"start":{"line":8,"column":17},"end":{"line":8,"column":null}},"1":{"start":{"line":11,"column":20},"end":{"line":40,"column":null}},"2":{"start":{"line":46,"column":20},"end":{"line":83,"column":null}},"3":{"start":{"line":13,"column":21},"end":{"line":13,"column":null}},"4":{"start":{"line":17,"column":14},"end":{"line":19,"column":null}},"5":{"start":{"line":22,"column":2},"end":{"line":39,"column":null}},"6":{"start":{"line":24,"column":19},"end":{"line":24,"column":null}},"7":{"start":{"line":27,"column":3},"end":{"line":35,"column":null}},"8":{"start":{"line":27,"column":16},"end":{"line":27,"column":19}},"9":{"start":{"line":29,"column":20},"end":{"line":29,"column":null}},"10":{"start":{"line":32,"column":4},"end":{"line":34,"column":null}},"11":{"start":{"line":36,"column":3},"end":{"line":36,"column":null}},"12":{"start":{"line":38,"column":3},"end":{"line":38,"column":null}},"13":{"start":{"line":50,"column":21},"end":{"line":50,"column":null}},"14":{"start":{"line":54,"column":14},"end":{"line":57,"column":null}},"15":{"start":{"line":61,"column":2},"end":{"line":82,"column":null}},"16":{"start":{"line":66,"column":19},"end":{"line":66,"column":null}},"17":{"start":{"line":71,"column":19},"end":{"line":71,"column":null}},"18":{"start":{"line":74,"column":3},"end":{"line":76,"column":null}},"19":{"start":{"line":79,"column":3},"end":{"line":79,"column":null}},"20":{"start":{"line":81,"column":3},"end":{"line":81,"column":null}}},"fnMap":{"0":{"name":"(anonymous_0)","decl":{"start":{"line":11,"column":20},"end":{"line":11,"column":61}},"loc":{"start":{"line":11,"column":61},"end":{"line":40,"column":null}},"line":11},"1":{"name":"(anonymous_1)","decl":{"start":{"line":46,"column":20},"end":{"line":46,"column":null}},"loc":{"start":{"line":48,"column":33},"end":{"line":83,"column":null}},"line":48}},"branchMap":{},"s":{"0":0,"1":0,"2":0,"3":0,"4":0,"5":0,"6":0,"7":0,"8":0,"9":0,"10":0,"11":0,"12":0,"13":0,"14":0,"15":0,"16":0,"17":0,"18":0,"19":0,"20":0},"f":{"0":0,"1":0},"b":{},"meta":{"lastBranch":0,"lastFunction":2,"lastStatement":21,"seen":{"s:8:17:8:Infinity":0,"s:11:20:40:Infinity":1,"s:46:20:83:Infinity":2,"f:11:20:11:61":0,"s:13:21:13:Infinity":3,"s:17:14:19:Infinity":4,"s:22:2:39:Infinity":5,"s:24:19:24:Infinity":6,"s:27:3:35:Infinity":7,"s:27:16:27:19":8,"s:29:20:29:Infinity":9,"s:32:4:34:Infinity":10,"s:36:3:36:Infinity":11,"s:38:3:38:Infinity":12,"f:46:20:46:Infinity":1,"s:50:21:50:Infinity":13,"s:54:14:57:Infinity":14,"s:61:2:82:Infinity":15,"s:66:19:66:Infinity":16,"s:71:19:71:Infinity":17,"s:74:3:76:Infinity":18,"s:79:3:79:Infinity":19,"s:81:3:81:Infinity":20}}}
,"/app/server/repository/role_repository.ts": {"path":"/app/server/repository/role_repository.ts","statementMap":{"0":{"start":{"line":6,"column":17},"end":{"line":6,"column":null}},"1":{"start":{"line":9,"column":20},"end":{"line":27,"column":null}},"2":{"start":{"line":33,"column":20},"end":{"line":63,"column":null}},"3":{"start":{"line":11,"column":21},"end":{"line":11,"column":null}},"4":{"start":{"line":15,"column":14},"end":{"line":17,"column":null}},"5":{"start":{"line":20,"column":2},"end":{"line":26,"column":null}},"6":{"start":{"line":22,"column":19},"end":{"line":22,"column":null}},"7":{"start":{"line":23,"column":3},"end":{"line":23,"column":null}},"8":{"start":{"line":25,"column":3},"end":{"line":25,"column":null}},"9":{"start":{"line":35,"column":21},"end":{"line":35,"column":null}},"10":{"start":{"line":39,"column":14},"end":{"line":42,"column":null}},"11":{"start":{"line":46,"column":2},"end":{"line":62,"column":null}},"12":{"start":{"line":51,"column":19},"end":{"line":51,"column":null}},"13":{"start":{"line":56,"column":19},"end":{"line":56,"column":null}},"14":{"start":{"line":59,"column":3},"end":{"line":59,"column":null}},"15":{"start":{"line":61,"column":3},"end":{"line":61,"column":null}}},"fnMap":{"0":{"name":"(anonymous_0)","decl":{"start":{"line":9,"column":20},"end":{"line":9,"column":59}},"loc":{"start":{"line":9,"column":59},"end":{"line":27,"column":null}},"line":9},"1":{"name":"(anonymous_1)","decl":{"start":{"line":33,"column":20},"end":{"line":33,"column":27}},"loc":{"start":{"line":33,"column":76},"end":{"line":63,"column":null}},"line":33}},"branchMap":{},"s":{"0":0,"1":0,"2":0,"3":0,"4":0,"5":0,"6":0,"7":0,"8":0,"9":0,"10":0,"11":0,"12":0,"13":0,"14":0,"15":0},"f":{"0":0,"1":0},"b":{},"meta":{"lastBranch":0,"lastFunction":2,"lastStatement":16,"seen":{"s:6:17:6:Infinity":0,"s:9:20:27:Infinity":1,"s:33:20:63:Infinity":2,"f:9:20:9:59":0,"s:11:21:11:Infinity":3,"s:15:14:17:Infinity":4,"s:20:2:26:Infinity":5,"s:22:19:22:Infinity":6,"s:23:3:23:Infinity":7,"s:25:3:25:Infinity":8,"f:33:20:33:27":1,"s:35:21:35:Infinity":9,"s:39:14:42:Infinity":10,"s:46:2:62:Infinity":11,"s:51:19:51:Infinity":12,"s:56:19:56:Infinity":13,"s:59:3:59:Infinity":14,"s:61:3:61:Infinity":15}}}
,"/app/server/repository/security_repository.ts": {"path":"/app/server/repository/security_repository.ts","statementMap":{"0":{"start":{"line":9,"column":17},"end":{"line":9,"column":null}},"1":{"start":{"line":12,"column":19},"end":{"line":39,"column":null}},"2":{"start":{"line":41,"column":28},"end":{"line":69,"column":null}},"3":{"start":{"line":71,"column":27},"end":{"line":104,"column":null}},"4":{"start":{"line":16,"column":21},"end":{"line":16,"column":null}},"5":{"start":{"line":20,"column":14},"end":{"line":21,"column":null}},"6":{"start":{"line":31,"column":2},"end":{"line":38,"column":null}},"7":{"start":{"line":33,"column":19},"end":{"line":33,"column":null}},"8":{"start":{"line":35,"column":3},"end":{"line":35,"column":null}},"9":{"start":{"line":37,"column":3},"end":{"line":37,"column":null}},"10":{"start":{"line":45,"column":21},"end":{"line":45,"column":null}},"11":{"start":{"line":48,"column":14},"end":{"line":51,"column":null}},"12":{"start":{"line":56,"column":2},"end":{"line":68,"column":null}},"13":{"start":{"line":58,"column":19},"end":{"line":58,"column":null}},"14":{"start":{"line":63,"column":3},"end":{"line":63,"column":null}},"15":{"start":{"line":63,"column":33},"end":{"line":63,"column":null}},"16":{"start":{"line":65,"column":3},"end":{"line":65,"column":null}},"17":{"start":{"line":67,"column":3},"end":{"line":67,"column":null}},"18":{"start":{"line":75,"column":21},"end":{"line":75,"column":null}},"19":{"start":{"line":78,"column":14},"end":{"line":81,"column":null}},"20":{"start":{"line":86,"column":2},"end":{"line":103,"column":null}},"21":{"start":{"line":89,"column":19},"end":{"line":89,"column":null}},"22":{"start":{"line":92,"column":19},"end":{"line":92,"column":null}},"23":{"start":{"line":95,"column":3},"end":{"line":97,"column":null}},"24":{"start":{"line":100,"column":3},"end":{"line":100,"column":null}},"25":{"start":{"line":102,"column":3},"end":{"line":102,"column":null}}},"fnMap":{"0":{"name":"(anonymous_0)","decl":{"start":{"line":12,"column":19},"end":{"line":12,"column":null}},"loc":{"start":{"line":14,"column":38},"end":{"line":39,"column":null}},"line":14},"1":{"name":"(anonymous_1)","decl":{"start":{"line":41,"column":28},"end":{"line":41,"column":null}},"loc":{"start":{"line":43,"column":34},"end":{"line":69,"column":null}},"line":43},"2":{"name":"(anonymous_2)","decl":{"start":{"line":71,"column":27},"end":{"line":71,"column":null}},"loc":{"start":{"line":73,"column":31},"end":{"line":104,"column":null}},"line":73}},"branchMap":{"0":{"loc":{"start":{"line":63,"column":3},"end":{"line":63,"column":null}},"type":"if","locations":[{"start":{"line":63,"column":3},"end":{"line":63,"column":null}},{"start":{},"end":{}}],"line":63}},"s":{"0":0,"1":0,"2":0,"3":0,"4":0,"5":0,"6":0,"7":0,"8":0,"9":0,"10":0,"11":0,"12":0,"13":0,"14":0,"15":0,"16":0,"17":0,"18":0,"19":0,"20":0,"21":0,"22":0,"23":0,"24":0,"25":0},"f":{"0":0,"1":0,"2":0},"b":{"0":[0,0]},"meta":{"lastBranch":1,"lastFunction":3,"lastStatement":26,"seen":{"s:9:17:9:Infinity":0,"s:12:19:39:Infinity":1,"s:41:28:69:Infinity":2,"s:71:27:104:Infinity":3,"f:12:19:12:Infinity":0,"s:16:21:16:Infinity":4,"s:20:14:21:Infinity":5,"s:31:2:38:Infinity":6,"s:33:19:33:Infinity":7,"s:35:3:35:Infinity":8,"s:37:3:37:Infinity":9,"f:41:28:41:Infinity":1,"s:45:21:45:Infinity":10,"s:48:14:51:Infinity":11,"s:56:2:68:Infinity":12,"s:58:19:58:Infinity":13,"b:63:3:63:Infinity:undefined:undefined:undefined:undefined":0,"s:63:3:63:Infinity":14,"s:63:33:63:Infinity":15,"s:65:3:65:Infinity":16,"s:67:3:67:Infinity":17,"f:71:27:71:Infinity":2,"s:75:21:75:Infinity":18,"s:78:14:81:Infinity":19,"s:86:2:103:Infinity":20,"s:89:19:89:Infinity":21,"s:92:19:92:Infinity":22,"s:95:3:97:Infinity":23,"s:100:3:100:Infinity":24,"s:102:3:102:Infinity":25}}}
,"/app/server/repository/user_repository.ts": {"path":"/app/server/repository/user_repository.ts","statementMap":{"0":{"start":{"line":8,"column":17},"end":{"line":8,"column":null}},"1":{"start":{"line":11,"column":20},"end":{"line":40,"column":null}},"2":{"start":{"line":46,"column":20},"end":{"line":81,"column":null}},"3":{"start":{"line":13,"column":21},"end":{"line":13,"column":null}},"4":{"start":{"line":17,"column":14},"end":{"line":19,"column":null}},"5":{"start":{"line":22,"column":2},"end":{"line":39,"column":null}},"6":{"start":{"line":24,"column":19},"end":{"line":24,"column":null}},"7":{"start":{"line":27,"column":3},"end":{"line":35,"column":null}},"8":{"start":{"line":27,"column":16},"end":{"line":27,"column":19}},"9":{"start":{"line":29,"column":20},"end":{"line":29,"column":null}},"10":{"start":{"line":32,"column":4},"end":{"line":34,"column":null}},"11":{"start":{"line":36,"column":3},"end":{"line":36,"column":null}},"12":{"start":{"line":38,"column":3},"end":{"line":38,"column":null}},"13":{"start":{"line":48,"column":21},"end":{"line":48,"column":null}},"14":{"start":{"line":52,"column":14},"end":{"line":55,"column":null}},"15":{"start":{"line":59,"column":2},"end":{"line":80,"column":null}},"16":{"start":{"line":64,"column":19},"end":{"line":64,"column":null}},"17":{"start":{"line":69,"column":19},"end":{"line":69,"column":null}},"18":{"start":{"line":72,"column":3},"end":{"line":74,"column":null}},"19":{"start":{"line":77,"column":3},"end":{"line":77,"column":null}},"20":{"start":{"line":79,"column":3},"end":{"line":79,"column":null}}},"fnMap":{"0":{"name":"(anonymous_0)","decl":{"start":{"line":11,"column":20},"end":{"line":11,"column":59}},"loc":{"start":{"line":11,"column":59},"end":{"line":40,"column":null}},"line":11},"1":{"name":"(anonymous_1)","decl":{"start":{"line":46,"column":20},"end":{"line":46,"column":27}},"loc":{"start":{"line":46,"column":76},"end":{"line":81,"column":null}},"line":46}},"branchMap":{},"s":{"0":0,"1":0,"2":0,"3":0,"4":0,"5":0,"6":0,"7":0,"8":0,"9":0,"10":0,"11":0,"12":0,"13":0,"14":0,"15":0,"16":0,"17":0,"18":0,"19":0,"20":0},"f":{"0":0,"1":0},"b":{},"meta":{"lastBranch":0,"lastFunction":2,"lastStatement":21,"seen":{"s:8:17:8:Infinity":0,"s:11:20:40:Infinity":1,"s:46:20:81:Infinity":2,"f:11:20:11:59":0,"s:13:21:13:Infinity":3,"s:17:14:19:Infinity":4,"s:22:2:39:Infinity":5,"s:24:19:24:Infinity":6,"s:27:3:35:Infinity":7,"s:27:16:27:19":8,"s:29:20:29:Infinity":9,"s:32:4:34:Infinity":10,"s:36:3:36:Infinity":11,"s:38:3:38:Infinity":12,"f:46:20:46:27":1,"s:48:21:48:Infinity":13,"s:52:14:55:Infinity":14,"s:59:2:80:Infinity":15,"s:64:19:64:Infinity":16,"s:69:19:69:Infinity":17,"s:72:3:74:Infinity":18,"s:77:3:77:Infinity":19,"s:79:3:79:Infinity":20}}}
,"/app/server/repository/visitor_repository.ts": {"path":"/app/server/repository/visitor_repository.ts","statementMap":{"0":{"start":{"line":6,"column":17},"end":{"line":6,"column":null}},"1":{"start":{"line":9,"column":20},"end":{"line":27,"column":null}},"2":{"start":{"line":33,"column":20},"end":{"line":65,"column":null}},"3":{"start":{"line":11,"column":21},"end":{"line":11,"column":null}},"4":{"start":{"line":15,"column":14},"end":{"line":17,"column":null}},"5":{"start":{"line":20,"column":2},"end":{"line":26,"column":null}},"6":{"start":{"line":22,"column":19},"end":{"line":22,"column":null}},"7":{"start":{"line":23,"column":3},"end":{"line":23,"column":null}},"8":{"start":{"line":25,"column":3},"end":{"line":25,"column":null}},"9":{"start":{"line":37,"column":21},"end":{"line":37,"column":null}},"10":{"start":{"line":41,"column":14},"end":{"line":44,"column":null}},"11":{"start":{"line":48,"column":2},"end":{"line":64,"column":null}},"12":{"start":{"line":53,"column":19},"end":{"line":53,"column":null}},"13":{"start":{"line":58,"column":19},"end":{"line":58,"column":null}},"14":{"start":{"line":61,"column":3},"end":{"line":61,"column":null}},"15":{"start":{"line":63,"column":3},"end":{"line":63,"column":null}}},"fnMap":{"0":{"name":"(anonymous_0)","decl":{"start":{"line":9,"column":20},"end":{"line":9,"column":62}},"loc":{"start":{"line":9,"column":62},"end":{"line":27,"column":null}},"line":9},"1":{"name":"(anonymous_1)","decl":{"start":{"line":33,"column":20},"end":{"line":33,"column":null}},"loc":{"start":{"line":35,"column":34},"end":{"line":65,"column":null}},"line":35}},"branchMap":{},"s":{"0":0,"1":0,"2":0,"3":0,"4":0,"5":0,"6":0,"7":0,"8":0,"9":0,"10":0,"11":0,"12":0,"13":0,"14":0,"15":0},"f":{"0":0,"1":0},"b":{},"meta":{"lastBranch":0,"lastFunction":2,"lastStatement":16,"seen":{"s:6:17:6:Infinity":0,"s:9:20:27:Infinity":1,"s:33:20:65:Infinity":2,"f:9:20:9:62":0,"s:11:21:11:Infinity":3,"s:15:14:17:Infinity":4,"s:20:2:26:Infinity":5,"s:22:19:22:Infinity":6,"s:23:3:23:Infinity":7,"s:25:3:25:Infinity":8,"f:33:20:33:Infinity":1,"s:37:21:37:Infinity":9,"s:41:14:44:Infinity":10,"s:48:2:64:Infinity":11,"s:53:19:53:Infinity":12,"s:58:19:58:Infinity":13,"s:61:3:61:Infinity":14,"s:63:3:63:Infinity":15}}}
,"/app/server/router/author_router.ts": {"path":"/app/server/router/author_router.ts","statementMap":{"0":{"start":{"line":6,"column":18},"end":{"line":6,"column":null}},"1":{"start":{"line":9,"column":20},"end":{"line":19,"column":null}},"2":{"start":{"line":13,"column":2},"end":{"line":13,"column":null}},"3":{"start":{"line":16,"column":2},"end":{"line":16,"column":null}},"4":{"start":{"line":18,"column":2},"end":{"line":18,"column":null}}},"fnMap":{"0":{"name":"(anonymous_0)","decl":{"start":{"line":9,"column":20},"end":{"line":9,"column":26}},"loc":{"start":{"line":9,"column":26},"end":{"line":19,"column":null}},"line":9}},"branchMap":{},"s":{"0":2,"1":2,"2":2,"3":2,"4":2},"f":{"0":2},"b":{},"meta":{"lastBranch":0,"lastFunction":1,"lastStatement":5,"seen":{"s:6:18:6:Infinity":0,"s:9:20:19:Infinity":1,"f:9:20:9:26":0,"s:13:2:13:Infinity":2,"s:16:2:16:Infinity":3,"s:18:2:18:Infinity":4}}}
,"/app/server/router/book_router.ts": {"path":"/app/server/router/book_router.ts","statementMap":{"0":{"start":{"line":8,"column":18},"end":{"line":8,"column":null}},"1":{"start":{"line":11,"column":9},"end":{"line":11,"column":null}},"2":{"start":{"line":14,"column":20},"end":{"line":50,"column":null}},"3":{"start":{"line":18,"column":2},"end":{"line":18,"column":null}},"4":{"start":{"line":21,"column":2},"end":{"line":21,"column":null}},"5":{"start":{"line":25,"column":2},"end":{"line":30,"column":null}},"6":{"start":{"line":34,"column":2},"end":{"line":39,"column":null}},"7":{"start":{"line":42,"column":2},"end":{"line":46,"column":null}},"8":{"start":{"line":49,"column":2},"end":{"line":49,"column":null}}},"fnMap":{"0":{"name":"(anonymous_0)","decl":{"start":{"line":14,"column":20},"end":{"line":14,"column":26}},"loc":{"start":{"line":14,"column":26},"end":{"line":50,"column":null}},"line":14}},"branchMap":{},"s":{"0":2,"1":2,"2":2,"3":2,"4":2,"5":2,"6":2,"7":2,"8":2},"f":{"0":2},"b":{},"meta":{"lastBranch":0,"lastFunction":1,"lastStatement":9,"seen":{"s:8:18:8:Infinity":0,"s:11:9:11:Infinity":1,"s:14:20:50:Infinity":2,"f:14:20:14:26":0,"s:18:2:18:Infinity":3,"s:21:2:21:Infinity":4,"s:25:2:30:Infinity":5,"s:34:2:39:Infinity":6,"s:42:2:46:Infinity":7,"s:49:2:49:Infinity":8}}}
,"/app/server/router/category_router.ts": {"path":"/app/server/router/category_router.ts","statementMap":{"0":{"start":{"line":6,"column":18},"end":{"line":6,"column":null}},"1":{"start":{"line":9,"column":20},"end":{"line":20,"column":null}},"2":{"start":{"line":13,"column":2},"end":{"line":13,"column":null}},"3":{"start":{"line":16,"column":2},"end":{"line":16,"column":null}},"4":{"start":{"line":17,"column":2},"end":{"line":17,"column":null}},"5":{"start":{"line":19,"column":2},"end":{"line":19,"column":null}}},"fnMap":{"0":{"name":"(anonymous_0)","decl":{"start":{"line":9,"column":20},"end":{"line":9,"column":26}},"loc":{"start":{"line":9,"column":26},"end":{"line":20,"column":null}},"line":9}},"branchMap":{},"s":{"0":2,"1":2,"2":2,"3":2,"4":2,"5":2},"f":{"0":2},"b":{},"meta":{"lastBranch":0,"lastFunction":1,"lastStatement":6,"seen":{"s:6:18:6:Infinity":0,"s:9:20:20:Infinity":1,"f:9:20:9:26":0,"s:13:2:13:Infinity":2,"s:16:2:16:Infinity":3,"s:17:2:17:Infinity":4,"s:19:2:19:Infinity":5}}}
,"/app/server/router/contact_router.ts": {"path":"/app/server/router/contact_router.ts","statementMap":{"0":{"start":{"line":6,"column":18},"end":{"line":6,"column":null}},"1":{"start":{"line":9,"column":20},"end":{"line":18,"column":null}},"2":{"start":{"line":13,"column":2},"end":{"line":13,"column":null}},"3":{"start":{"line":14,"column":2},"end":{"line":14,"column":null}},"4":{"start":{"line":17,"column":2},"end":{"line":17,"column":null}}},"fnMap":{"0":{"name":"(anonymous_0)","decl":{"start":{"line":9,"column":20},"end":{"line":9,"column":26}},"loc":{"start":{"line":9,"column":26},"end":{"line":18,"column":null}},"line":9}},"branchMap":{},"s":{"0":2,"1":2,"2":2,"3":2,"4":2},"f":{"0":2},"b":{},"meta":{"lastBranch":0,"lastFunction":1,"lastStatement":5,"seen":{"s:6:18:6:Infinity":0,"s:9:20:18:Infinity":1,"f:9:20:9:26":0,"s:13:2:13:Infinity":2,"s:14:2:14:Infinity":3,"s:17:2:17:Infinity":4}}}
,"/app/server/router/currentstate_router.ts": {"path":"/app/server/router/currentstate_router.ts","statementMap":{"0":{"start":{"line":6,"column":18},"end":{"line":6,"column":null}},"1":{"start":{"line":9,"column":20},"end":{"line":19,"column":null}},"2":{"start":{"line":13,"column":2},"end":{"line":13,"column":null}},"3":{"start":{"line":16,"column":2},"end":{"line":16,"column":null}},"4":{"start":{"line":18,"column":2},"end":{"line":18,"column":null}}},"fnMap":{"0":{"name":"(anonymous_0)","decl":{"start":{"line":9,"column":20},"end":{"line":9,"column":26}},"loc":{"start":{"line":9,"column":26},"end":{"line":19,"column":null}},"line":9}},"branchMap":{},"s":{"0":2,"1":2,"2":2,"3":2,"4":2},"f":{"0":2},"b":{},"meta":{"lastBranch":0,"lastFunction":1,"lastStatement":5,"seen":{"s:6:18:6:Infinity":0,"s:9:20:19:Infinity":1,"f:9:20:9:26":0,"s:13:2:13:Infinity":2,"s:16:2:16:Infinity":3,"s:18:2:18:Infinity":4}}}
,"/app/server/router/events_router.ts": {"path":"/app/server/router/events_router.ts","statementMap":{"0":{"start":{"line":6,"column":18},"end":{"line":6,"column":null}},"1":{"start":{"line":9,"column":20},"end":{"line":19,"column":null}},"2":{"start":{"line":13,"column":2},"end":{"line":13,"column":null}},"3":{"start":{"line":16,"column":2},"end":{"line":16,"column":null}},"4":{"start":{"line":18,"column":2},"end":{"line":18,"column":null}}},"fnMap":{"0":{"name":"(anonymous_0)","decl":{"start":{"line":9,"column":20},"end":{"line":9,"column":26}},"loc":{"start":{"line":9,"column":26},"end":{"line":19,"column":null}},"line":9}},"branchMap":{},"s":{"0":2,"1":2,"2":2,"3":2,"4":2},"f":{"0":2},"b":{},"meta":{"lastBranch":0,"lastFunction":1,"lastStatement":5,"seen":{"s:6:18:6:Infinity":0,"s:9:20:19:Infinity":1,"f:9:20:9:26":0,"s:13:2:13:Infinity":2,"s:16:2:16:Infinity":3,"s:18:2:18:Infinity":4}}}
,"/app/server/router/homepage_router.ts": {"path":"/app/server/router/homepage_router.ts","statementMap":{"0":{"start":{"line":7,"column":18},"end":{"line":7,"column":null}},"1":{"start":{"line":10,"column":20},"end":{"line":21,"column":null}},"2":{"start":{"line":14,"column":2},"end":{"line":18,"column":null}},"3":{"start":{"line":20,"column":2},"end":{"line":20,"column":null}}},"fnMap":{"0":{"name":"(anonymous_0)","decl":{"start":{"line":10,"column":20},"end":{"line":10,"column":26}},"loc":{"start":{"line":10,"column":26},"end":{"line":21,"column":null}},"line":10}},"branchMap":{},"s":{"0":2,"1":2,"2":2,"3":2},"f":{"0":2},"b":{},"meta":{"lastBranch":0,"lastFunction":1,"lastStatement":4,"seen":{"s:7:18:7:Infinity":0,"s:10:20:21:Infinity":1,"f:10:20:10:26":0,"s:14:2:18:Infinity":2,"s:20:2:20:Infinity":3}}}
,"/app/server/router/role_router.ts": {"path":"/app/server/router/role_router.ts","statementMap":{"0":{"start":{"line":6,"column":18},"end":{"line":6,"column":null}},"1":{"start":{"line":9,"column":20},"end":{"line":19,"column":null}},"2":{"start":{"line":13,"column":2},"end":{"line":13,"column":null}},"3":{"start":{"line":16,"column":2},"end":{"line":16,"column":null}},"4":{"start":{"line":18,"column":2},"end":{"line":18,"column":null}}},"fnMap":{"0":{"name":"(anonymous_0)","decl":{"start":{"line":9,"column":20},"end":{"line":9,"column":26}},"loc":{"start":{"line":9,"column":26},"end":{"line":19,"column":null}},"line":9}},"branchMap":{},"s":{"0":2,"1":2,"2":2,"3":2,"4":2},"f":{"0":2},"b":{},"meta":{"lastBranch":0,"lastFunction":1,"lastStatement":5,"seen":{"s:6:18:6:Infinity":0,"s:9:20:19:Infinity":1,"f:9:20:9:26":0,"s:13:2:13:Infinity":2,"s:16:2:16:Infinity":3,"s:18:2:18:Infinity":4}}}
,"/app/server/router/security_router.ts": {"path":"/app/server/router/security_router.ts","statementMap":{"0":{"start":{"line":6,"column":18},"end":{"line":6,"column":null}},"1":{"start":{"line":9,"column":20},"end":{"line":18,"column":null}},"2":{"start":{"line":13,"column":2},"end":{"line":13,"column":null}},"3":{"start":{"line":14,"column":2},"end":{"line":14,"column":null}},"4":{"start":{"line":17,"column":2},"end":{"line":17,"column":null}}},"fnMap":{"0":{"name":"(anonymous_0)","decl":{"start":{"line":9,"column":20},"end":{"line":9,"column":26}},"loc":{"start":{"line":9,"column":26},"end":{"line":18,"column":null}},"line":9}},"branchMap":{},"s":{"0":2,"1":2,"2":2,"3":2,"4":2},"f":{"0":2},"b":{},"meta":{"lastBranch":0,"lastFunction":1,"lastStatement":5,"seen":{"s:6:18:6:Infinity":0,"s:9:20:18:Infinity":1,"f:9:20:9:26":0,"s:13:2:13:Infinity":2,"s:14:2:14:Infinity":3,"s:17:2:17:Infinity":4}}}
,"/app/server/router/user_router.ts": {"path":"/app/server/router/user_router.ts","statementMap":{"0":{"start":{"line":6,"column":18},"end":{"line":6,"column":null}},"1":{"start":{"line":9,"column":20},"end":{"line":19,"column":null}},"2":{"start":{"line":13,"column":2},"end":{"line":13,"column":null}},"3":{"start":{"line":16,"column":2},"end":{"line":16,"column":null}},"4":{"start":{"line":18,"column":2},"end":{"line":18,"column":null}}},"fnMap":{"0":{"name":"(anonymous_0)","decl":{"start":{"line":9,"column":20},"end":{"line":9,"column":26}},"loc":{"start":{"line":9,"column":26},"end":{"line":19,"column":null}},"line":9}},"branchMap":{},"s":{"0":2,"1":2,"2":2,"3":2,"4":2},"f":{"0":2},"b":{},"meta":{"lastBranch":0,"lastFunction":1,"lastStatement":5,"seen":{"s:6:18:6:Infinity":0,"s:9:20:19:Infinity":1,"f:9:20:9:26":0,"s:13:2:13:Infinity":2,"s:16:2:16:Infinity":3,"s:18:2:18:Infinity":4}}}
,"/app/server/router/visitor_router.ts": {"path":"/app/server/router/visitor_router.ts","statementMap":{"0":{"start":{"line":6,"column":18},"end":{"line":6,"column":null}},"1":{"start":{"line":9,"column":20},"end":{"line":19,"column":null}},"2":{"start":{"line":13,"column":2},"end":{"line":13,"column":null}},"3":{"start":{"line":16,"column":2},"end":{"line":16,"column":null}},"4":{"start":{"line":18,"column":2},"end":{"line":18,"column":null}}},"fnMap":{"0":{"name":"(anonymous_0)","decl":{"start":{"line":9,"column":20},"end":{"line":9,"column":26}},"loc":{"start":{"line":9,"column":26},"end":{"line":19,"column":null}},"line":9}},"branchMap":{},"s":{"0":2,"1":2,"2":2,"3":2,"4":2},"f":{"0":2},"b":{},"meta":{"lastBranch":0,"lastFunction":1,"lastStatement":5,"seen":{"s:6:18:6:Infinity":0,"s:9:20:19:Infinity":1,"f:9:20:9:26":0,"s:13:2:13:Infinity":2,"s:16:2:16:Infinity":3,"s:18:2:18:Infinity":4}}}
,"/app/server/service/file_service.ts": {"path":"/app/server/service/file_service.ts","statementMap":{"0":{"start":{"line":23,"column":20},"end":{"line":34,"column":null}},"1":{"start":{"line":25,"column":25},"end":{"line":25,"column":null}},"2":{"start":{"line":29,"column":2},"end":{"line":29,"column":null}},"3":{"start":{"line":32,"column":2},"end":{"line":32,"column":null}}},"fnMap":{"0":{"name":"(anonymous_0)","decl":{"start":{"line":23,"column":20},"end":{"line":23,"column":27}},"loc":{"start":{"line":23,"column":72},"end":{"line":34,"column":null}},"line":23}},"branchMap":{},"s":{"0":1,"1":1,"2":1,"3":1},"f":{"0":1},"b":{},"meta":{"lastBranch":0,"lastFunction":1,"lastStatement":4,"seen":{"s:23:20:34:Infinity":0,"f:23:20:23:27":0,"s:25:25:25:Infinity":1,"s:29:2:29:Infinity":2,"s:32:2:32:Infinity":3}}}
,"/app/server/service/mysql_service.ts": {"path":"/app/server/service/mysql_service.ts","statementMap":{"0":{"start":{"line":8,"column":18},"end":{"line":24,"column":null}},"1":{"start":{"line":10,"column":2},"end":{"line":20,"column":null}},"2":{"start":{"line":11,"column":3},"end":{"line":19,"column":null}},"3":{"start":{"line":23,"column":2},"end":{"line":23,"column":null}}},"fnMap":{"0":{"name":"(anonymous_0)","decl":{"start":{"line":8,"column":18},"end":{"line":8,"column":30}},"loc":{"start":{"line":8,"column":30},"end":{"line":24,"column":null}},"line":8}},"branchMap":{"0":{"loc":{"start":{"line":10,"column":2},"end":{"line":20,"column":null}},"type":"if","locations":[{"start":{"line":10,"column":2},"end":{"line":20,"column":null}},{"start":{},"end":{}}],"line":10}},"s":{"0":1,"1":1,"2":1,"3":1},"f":{"0":1},"b":{"0":[1,0]},"meta":{"lastBranch":1,"lastFunction":1,"lastStatement":4,"seen":{"s:8:18:24:Infinity":0,"f:8:18:8:30":0,"b:10:2:20:Infinity:undefined:undefined:undefined:undefined":0,"s:10:2:20:Infinity":1,"s:11:3:19:Infinity":2,"s:23:2:23:Infinity":3}}}
}
